<?xml version="1.0" encoding="UTF-8"?>
<robot generator="Robot 3.2.1 (Python 3.8.2 on darwin)" generated="20200629 01:42:32.897" rpa="false">
<suite id="s1" name="Project" source="/Users/apple/PycharmProjects/HProbot/Tests/project.robot">
<test id="s1-t1" name="User can open home page">
<kw name="Run Process" library="Process">
<doc>Runs a process and waits for it to complete.</doc>
<arguments>
<arg>python</arg>
<arg>scrapeHP.py</arg>
</arguments>
<msg timestamp="20200629 01:42:33.345" level="INFO">Starting process:
python scrapeHP.py</msg>
<msg timestamp="20200629 01:42:33.350" level="INFO">Waiting for process to complete.</msg>
<msg timestamp="20200629 01:43:01.931" level="INFO">Process completed.</msg>
<status status="PASS" starttime="20200629 01:42:33.345" endtime="20200629 01:43:01.932"></status>
</kw>
<kw name="Open Browser" library="Selenium2Library">
<doc>Opens a new browser instance to the optional ``url``.</doc>
<arguments>
<arg>${url}</arg>
<arg>${browser}</arg>
</arguments>
<msg timestamp="20200629 01:43:01.934" level="INFO">Opening browser 'chrome' to base url 'https://store.hp.com/us/en'.</msg>
<status status="PASS" starttime="20200629 01:43:01.933" endtime="20200629 01:43:08.892"></status>
</kw>
<kw name="Maximize Browser Window" library="Selenium2Library">
<doc>Maximizes current browser window.</doc>
<status status="PASS" starttime="20200629 01:43:08.893" endtime="20200629 01:43:09.324"></status>
</kw>
<kw name="Get File" library="OperatingSystem">
<doc>Returns the contents of a specified file.</doc>
<arguments>
<arg>HP_homepage_links.txt</arg>
</arguments>
<assign>
<var>${contents}</var>
</assign>
<msg timestamp="20200629 01:43:09.326" level="INFO" html="yes">Getting file '&lt;a href="file:///Users/apple/PycharmProjects/HProbot/Tests/HP_homepage_links.txt"&gt;/Users/apple/PycharmProjects/HProbot/Tests/HP_homepage_links.txt&lt;/a&gt;'.</msg>
<msg timestamp="20200629 01:43:09.328" level="INFO">${contents} = http://www8.hp.com/us/en/privacy/use-of-cookies.html
https://onetrust.com/poweredbyonetrust
https://store.hp.com/us/en/slp/july-4-sale?jumpid=ma_july-4-sale_vp_na_1_200625
https://store.hp.com/us/en
h...</msg>
<status status="PASS" starttime="20200629 01:43:09.325" endtime="20200629 01:43:09.328"></status>
</kw>
<kw name="Split To Lines" library="String">
<doc>Splits the given string to lines.</doc>
<arguments>
<arg>${contents}</arg>
</arguments>
<assign>
<var>@{lines}</var>
</assign>
<msg timestamp="20200629 01:43:09.330" level="INFO">241 lines returned</msg>
<msg timestamp="20200629 01:43:09.331" level="INFO">@{lines} = [ http://www8.hp.com/us/en/privacy/use-of-cookies.html | https://onetrust.com/poweredbyonetrust | https://store.hp.com/us/en/slp/july-4-sale?jumpid=ma_july-4-sale_vp_na_1_200625 | https://store.hp.com...</msg>
<status status="PASS" starttime="20200629 01:43:09.329" endtime="20200629 01:43:09.331"></status>
</kw>
<kw name="${line} IN [ @{lines} ]" type="for">
<msg timestamp="20200629 01:43:09.332" level="WARN">Error in file '/Users/apple/PycharmProjects/HProbot/Tests/project.robot' in FOR loop starting on line 18: For loop header ':FOR' is deprecated. Use 'FOR' instead.</msg>
<msg timestamp="20200629 01:43:09.332" level="WARN">Error in file '/Users/apple/PycharmProjects/HProbot/Tests/project.robot' in FOR loop starting on line 18: Marking for loop body with '\' is deprecated. Remove markers and use 'END' instead.</msg>
<kw name="${line} = http://www8.hp.com/us/en/privacy/use-of-cookies.html" type="foritem">
<kw name="Log To Console" library="BuiltIn">
<doc>Logs the given message to the console.</doc>
<arguments>
<arg>${line}</arg>
</arguments>
<status status="PASS" starttime="20200629 01:43:09.334" endtime="20200629 01:43:09.334"></status>
</kw>
<kw name="Go To" library="Selenium2Library">
<doc>Navigates the current browser window to the provided ``url``.</doc>
<arguments>
<arg>${line}</arg>
</arguments>
<msg timestamp="20200629 01:43:09.336" level="INFO">Opening url 'http://www8.hp.com/us/en/privacy/use-of-cookies.html'</msg>
<status status="PASS" starttime="20200629 01:43:09.335" endtime="20200629 01:43:13.058"></status>
</kw>
<status status="PASS" starttime="20200629 01:43:09.333" endtime="20200629 01:43:13.058"></status>
</kw>
<kw name="${line} = https://onetrust.com/poweredbyonetrust" type="foritem">
<kw name="Log To Console" library="BuiltIn">
<doc>Logs the given message to the console.</doc>
<arguments>
<arg>${line}</arg>
</arguments>
<status status="PASS" starttime="20200629 01:43:13.059" endtime="20200629 01:43:13.060"></status>
</kw>
<kw name="Go To" library="Selenium2Library">
<doc>Navigates the current browser window to the provided ``url``.</doc>
<arguments>
<arg>${line}</arg>
</arguments>
<msg timestamp="20200629 01:43:13.061" level="INFO">Opening url 'https://onetrust.com/poweredbyonetrust'</msg>
<status status="PASS" starttime="20200629 01:43:13.060" endtime="20200629 01:43:18.460"></status>
</kw>
<status status="PASS" starttime="20200629 01:43:13.058" endtime="20200629 01:43:18.460"></status>
</kw>
<kw name="${line} = https://store.hp.com/us/en/slp/july-4-sale?jumpid=ma_july-4-sale_vp_na_1_200625" type="foritem">
<kw name="Log To Console" library="BuiltIn">
<doc>Logs the given message to the console.</doc>
<arguments>
<arg>${line}</arg>
</arguments>
<status status="PASS" starttime="20200629 01:43:18.461" endtime="20200629 01:43:18.462"></status>
</kw>
<kw name="Go To" library="Selenium2Library">
<doc>Navigates the current browser window to the provided ``url``.</doc>
<arguments>
<arg>${line}</arg>
</arguments>
<msg timestamp="20200629 01:43:18.462" level="INFO">Opening url 'https://store.hp.com/us/en/slp/july-4-sale?jumpid=ma_july-4-sale_vp_na_1_200625'</msg>
<status status="PASS" starttime="20200629 01:43:18.462" endtime="20200629 01:43:20.678"></status>
</kw>
<status status="PASS" starttime="20200629 01:43:18.460" endtime="20200629 01:43:20.678"></status>
</kw>
<kw name="${line} = https://store.hp.com/us/en" type="foritem">
<kw name="Log To Console" library="BuiltIn">
<doc>Logs the given message to the console.</doc>
<arguments>
<arg>${line}</arg>
</arguments>
<status status="PASS" starttime="20200629 01:43:20.679" endtime="20200629 01:43:20.680"></status>
</kw>
<kw name="Go To" library="Selenium2Library">
<doc>Navigates the current browser window to the provided ``url``.</doc>
<arguments>
<arg>${line}</arg>
</arguments>
<msg timestamp="20200629 01:43:20.680" level="INFO">Opening url 'https://store.hp.com/us/en'</msg>
<status status="PASS" starttime="20200629 01:43:20.680" endtime="20200629 01:43:23.241"></status>
</kw>
<status status="PASS" starttime="20200629 01:43:20.679" endtime="20200629 01:43:23.241"></status>
</kw>
<kw name="${line} = https://store.hp.com/us/en/MyAccountOrderStatusView?catalogId=10051&amp;langId=-1&amp;storeId=10151" type="foritem">
<kw name="Log To Console" library="BuiltIn">
<doc>Logs the given message to the console.</doc>
<arguments>
<arg>${line}</arg>
</arguments>
<status status="PASS" starttime="20200629 01:43:23.242" endtime="20200629 01:43:23.243"></status>
</kw>
<kw name="Go To" library="Selenium2Library">
<doc>Navigates the current browser window to the provided ``url``.</doc>
<arguments>
<arg>${line}</arg>
</arguments>
<msg timestamp="20200629 01:43:23.244" level="INFO">Opening url 'https://store.hp.com/us/en/MyAccountOrderStatusView?catalogId=10051&amp;langId=-1&amp;storeId=10151'</msg>
<status status="PASS" starttime="20200629 01:43:23.243" endtime="20200629 01:43:25.253"></status>
</kw>
<status status="PASS" starttime="20200629 01:43:23.242" endtime="20200629 01:43:25.253"></status>
</kw>
<kw name="${line} = https://store.hp.com/us/en/ContentView?eSpotName=CustomerService&amp;catalogId=10051&amp;langId=-1&amp;storeId=10151" type="foritem">
<kw name="Log To Console" library="BuiltIn">
<doc>Logs the given message to the console.</doc>
<arguments>
<arg>${line}</arg>
</arguments>
<status status="PASS" starttime="20200629 01:43:25.253" endtime="20200629 01:43:25.254"></status>
</kw>
<kw name="Go To" library="Selenium2Library">
<doc>Navigates the current browser window to the provided ``url``.</doc>
<arguments>
<arg>${line}</arg>
</arguments>
<msg timestamp="20200629 01:43:25.255" level="INFO">Opening url 'https://store.hp.com/us/en/ContentView?eSpotName=CustomerService&amp;catalogId=10051&amp;langId=-1&amp;storeId=10151'</msg>
<status status="PASS" starttime="20200629 01:43:25.254" endtime="20200629 01:43:27.490"></status>
</kw>
<status status="PASS" starttime="20200629 01:43:25.253" endtime="20200629 01:43:27.491"></status>
</kw>
<kw name="${line} = https://store.hp.com/us/en#" type="foritem">
<kw name="Log To Console" library="BuiltIn">
<doc>Logs the given message to the console.</doc>
<arguments>
<arg>${line}</arg>
</arguments>
<status status="PASS" starttime="20200629 01:43:27.491" endtime="20200629 01:43:27.491"></status>
</kw>
<kw name="Go To" library="Selenium2Library">
<doc>Navigates the current browser window to the provided ``url``.</doc>
<arguments>
<arg>${line}</arg>
</arguments>
<msg timestamp="20200629 01:43:27.492" level="INFO">Opening url 'https://store.hp.com/us/en#'</msg>
<status status="PASS" starttime="20200629 01:43:27.492" endtime="20200629 01:43:29.331"></status>
</kw>
<status status="PASS" starttime="20200629 01:43:27.491" endtime="20200629 01:43:29.331"></status>
</kw>
<kw name="${line} = https://directory.id.hp.com/directory/v1/oauth/authorize?response_type=code&amp;client_id=yv2py5qFHLeSbk0tTSA0LfTwI6L5GGWt&amp;redirect_uri=https%3A%2F%2Fstore.hp.com%2Fwebapp%2Fwcs%2Fstores%2Fservlet%2FETRLo..." type="foritem">
<kw name="Log To Console" library="BuiltIn">
<doc>Logs the given message to the console.</doc>
<arguments>
<arg>${line}</arg>
</arguments>
<status status="PASS" starttime="20200629 01:43:29.332" endtime="20200629 01:43:29.332"></status>
</kw>
<kw name="Go To" library="Selenium2Library">
<doc>Navigates the current browser window to the provided ``url``.</doc>
<arguments>
<arg>${line}</arg>
</arguments>
<msg timestamp="20200629 01:43:29.333" level="INFO">Opening url 'https://directory.id.hp.com/directory/v1/oauth/authorize?response_type=code&amp;client_id=yv2py5qFHLeSbk0tTSA0LfTwI6L5GGWt&amp;redirect_uri=https%3A%2F%2Fstore.hp.com%2Fwebapp%2Fwcs%2Fstores%2Fservlet%2FETRLogonFlow%3FcatalogId%3D10051%26langId%3D-1%26storeId%3D10151&amp;scope=openid+email+profile+user.profile.write+user.profile.username+user.profile.read+offline_access&amp;state=operation:login&amp;nonce=en&amp;prompt=consent'</msg>
<status status="PASS" starttime="20200629 01:43:29.332" endtime="20200629 01:43:37.757"></status>
</kw>
<status status="PASS" starttime="20200629 01:43:29.331" endtime="20200629 01:43:37.757"></status>
</kw>
<kw name="${line} = https://directory.id.hp.com/directory/v1/oauth/authorize?response_type=code&amp;client_id=yv2py5qFHLeSbk0tTSA0LfTwI6L5GGWt&amp;redirect_uri=https%3A%2F%2Fstore.hp.com%2Fwebapp%2Fwcs%2Fstores%2Fservlet%2FETRLo..." type="foritem">
<kw name="Log To Console" library="BuiltIn">
<doc>Logs the given message to the console.</doc>
<arguments>
<arg>${line}</arg>
</arguments>
<status status="PASS" starttime="20200629 01:43:37.758" endtime="20200629 01:43:37.758"></status>
</kw>
<kw name="Go To" library="Selenium2Library">
<doc>Navigates the current browser window to the provided ``url``.</doc>
<arguments>
<arg>${line}</arg>
</arguments>
<msg timestamp="20200629 01:43:37.759" level="INFO">Opening url 'https://directory.id.hp.com/directory/v1/oauth/authorize?response_type=code&amp;client_id=yv2py5qFHLeSbk0tTSA0LfTwI6L5GGWt&amp;redirect_uri=https%3A%2F%2Fstore.hp.com%2Fwebapp%2Fwcs%2Fstores%2Fservlet%2FETRLogonFlow%3FcatalogId%3D10051%26langId%3D-1%26storeId%3D10151&amp;scope=openid+email+profile+user.profile.write+user.profile.username+user.profile.read+offline_access&amp;state=operation:register&amp;nonce=en&amp;prompt=consent&amp;target=create'</msg>
<status status="PASS" starttime="20200629 01:43:37.759" endtime="20200629 01:43:38.751"></status>
</kw>
<status status="PASS" starttime="20200629 01:43:37.757" endtime="20200629 01:43:38.751"></status>
</kw>
<kw name="${line} = https://store.hp.com/us/en/ManageSubscription?catalogId=10051&amp;langId=-1&amp;storeId=10151" type="foritem">
<kw name="Log To Console" library="BuiltIn">
<doc>Logs the given message to the console.</doc>
<arguments>
<arg>${line}</arg>
</arguments>
<status status="PASS" starttime="20200629 01:43:38.751" endtime="20200629 01:43:38.751"></status>
</kw>
<kw name="Go To" library="Selenium2Library">
<doc>Navigates the current browser window to the provided ``url``.</doc>
<arguments>
<arg>${line}</arg>
</arguments>
<msg timestamp="20200629 01:43:38.752" level="INFO">Opening url 'https://store.hp.com/us/en/ManageSubscription?catalogId=10051&amp;langId=-1&amp;storeId=10151'</msg>
<status status="PASS" starttime="20200629 01:43:38.752" endtime="20200629 01:43:40.059"></status>
</kw>
<status status="PASS" starttime="20200629 01:43:38.751" endtime="20200629 01:43:40.059"></status>
</kw>
<kw name="${line} = https://store.hp.com/us/en/" type="foritem">
<kw name="Log To Console" library="BuiltIn">
<doc>Logs the given message to the console.</doc>
<arguments>
<arg>${line}</arg>
</arguments>
<status status="PASS" starttime="20200629 01:43:40.060" endtime="20200629 01:43:40.061"></status>
</kw>
<kw name="Go To" library="Selenium2Library">
<doc>Navigates the current browser window to the provided ``url``.</doc>
<arguments>
<arg>${line}</arg>
</arguments>
<msg timestamp="20200629 01:43:40.061" level="INFO">Opening url 'https://store.hp.com/us/en/'</msg>
<status status="PASS" starttime="20200629 01:43:40.061" endtime="20200629 01:43:42.661"></status>
</kw>
<status status="PASS" starttime="20200629 01:43:40.059" endtime="20200629 01:43:42.661"></status>
</kw>
<kw name="${line} = https://www8.hp.com/us/en/home.html" type="foritem">
<kw name="Log To Console" library="BuiltIn">
<doc>Logs the given message to the console.</doc>
<arguments>
<arg>${line}</arg>
</arguments>
<status status="PASS" starttime="20200629 01:43:42.662" endtime="20200629 01:43:42.663"></status>
</kw>
<kw name="Go To" library="Selenium2Library">
<doc>Navigates the current browser window to the provided ``url``.</doc>
<arguments>
<arg>${line}</arg>
</arguments>
<msg timestamp="20200629 01:43:42.665" level="INFO">Opening url 'https://www8.hp.com/us/en/home.html'</msg>
<status status="PASS" starttime="20200629 01:43:42.664" endtime="20200629 01:43:45.713"></status>
</kw>
<status status="PASS" starttime="20200629 01:43:42.661" endtime="20200629 01:43:45.713"></status>
</kw>
<kw name="${line} = https://store.hp.com/us/en#skiptobody" type="foritem">
<kw name="Log To Console" library="BuiltIn">
<doc>Logs the given message to the console.</doc>
<arguments>
<arg>${line}</arg>
</arguments>
<status status="PASS" starttime="20200629 01:43:45.713" endtime="20200629 01:43:45.714"></status>
</kw>
<kw name="Go To" library="Selenium2Library">
<doc>Navigates the current browser window to the provided ``url``.</doc>
<arguments>
<arg>${line}</arg>
</arguments>
<msg timestamp="20200629 01:43:45.715" level="INFO">Opening url 'https://store.hp.com/us/en#skiptobody'</msg>
<status status="PASS" starttime="20200629 01:43:45.714" endtime="20200629 01:43:49.035"></status>
</kw>
<status status="PASS" starttime="20200629 01:43:45.713" endtime="20200629 01:43:49.035"></status>
</kw>
<kw name="${line} = https://store.hp.com/us/en#skiptofooter" type="foritem">
<kw name="Log To Console" library="BuiltIn">
<doc>Logs the given message to the console.</doc>
<arguments>
<arg>${line}</arg>
</arguments>
<status status="PASS" starttime="20200629 01:43:49.036" endtime="20200629 01:43:49.037"></status>
</kw>
<kw name="Go To" library="Selenium2Library">
<doc>Navigates the current browser window to the provided ``url``.</doc>
<arguments>
<arg>${line}</arg>
</arguments>
<msg timestamp="20200629 01:43:49.038" level="INFO">Opening url 'https://store.hp.com/us/en#skiptofooter'</msg>
<status status="PASS" starttime="20200629 01:43:49.037" endtime="20200629 01:43:50.037"></status>
</kw>
<status status="PASS" starttime="20200629 01:43:49.036" endtime="20200629 01:43:50.037"></status>
</kw>
<kw name="${line} = https://store.hp.com/us/en/cat/laptops" type="foritem">
<kw name="Log To Console" library="BuiltIn">
<doc>Logs the given message to the console.</doc>
<arguments>
<arg>${line}</arg>
</arguments>
<status status="PASS" starttime="20200629 01:43:50.037" endtime="20200629 01:43:50.038"></status>
</kw>
<kw name="Go To" library="Selenium2Library">
<doc>Navigates the current browser window to the provided ``url``.</doc>
<arguments>
<arg>${line}</arg>
</arguments>
<msg timestamp="20200629 01:43:50.039" level="INFO">Opening url 'https://store.hp.com/us/en/cat/laptops'</msg>
<status status="PASS" starttime="20200629 01:43:50.038" endtime="20200629 01:44:00.329"></status>
</kw>
<status status="PASS" starttime="20200629 01:43:50.037" endtime="20200629 01:44:00.329"></status>
</kw>
<kw name="${line} = https://www8.hp.com/us/en/laptops/business-laptops-and-2-in-1s.html" type="foritem">
<kw name="Log To Console" library="BuiltIn">
<doc>Logs the given message to the console.</doc>
<arguments>
<arg>${line}</arg>
</arguments>
<status status="PASS" starttime="20200629 01:44:00.330" endtime="20200629 01:44:00.331"></status>
</kw>
<kw name="Go To" library="Selenium2Library">
<doc>Navigates the current browser window to the provided ``url``.</doc>
<arguments>
<arg>${line}</arg>
</arguments>
<msg timestamp="20200629 01:44:00.332" level="INFO">Opening url 'https://www8.hp.com/us/en/laptops/business-laptops-and-2-in-1s.html'</msg>
<status status="PASS" starttime="20200629 01:44:00.332" endtime="20200629 01:44:08.838"></status>
</kw>
<status status="PASS" starttime="20200629 01:44:00.330" endtime="20200629 01:44:08.838"></status>
</kw>
<kw name="${line} = https://www8.hp.com/us/en/laptops/premium/index.html" type="foritem">
<kw name="Log To Console" library="BuiltIn">
<doc>Logs the given message to the console.</doc>
<arguments>
<arg>${line}</arg>
</arguments>
<status status="PASS" starttime="20200629 01:44:08.839" endtime="20200629 01:44:08.840"></status>
</kw>
<kw name="Go To" library="Selenium2Library">
<doc>Navigates the current browser window to the provided ``url``.</doc>
<arguments>
<arg>${line}</arg>
</arguments>
<msg timestamp="20200629 01:44:08.841" level="INFO">Opening url 'https://www8.hp.com/us/en/laptops/premium/index.html'</msg>
<status status="PASS" starttime="20200629 01:44:08.840" endtime="20200629 01:44:11.615"></status>
</kw>
<status status="PASS" starttime="20200629 01:44:08.839" endtime="20200629 01:44:11.615"></status>
</kw>
<kw name="${line} = https://www8.hp.com/us/en/gaming/omen.html" type="foritem">
<kw name="Log To Console" library="BuiltIn">
<doc>Logs the given message to the console.</doc>
<arguments>
<arg>${line}</arg>
</arguments>
<status status="PASS" starttime="20200629 01:44:11.616" endtime="20200629 01:44:11.616"></status>
</kw>
<kw name="Go To" library="Selenium2Library">
<doc>Navigates the current browser window to the provided ``url``.</doc>
<arguments>
<arg>${line}</arg>
</arguments>
<msg timestamp="20200629 01:44:11.617" level="INFO">Opening url 'https://www8.hp.com/us/en/gaming/omen.html'</msg>
<status status="PASS" starttime="20200629 01:44:11.617" endtime="20200629 01:44:31.092"></status>
</kw>
<status status="PASS" starttime="20200629 01:44:11.615" endtime="20200629 01:44:31.092"></status>
</kw>
<kw name="${line} = https://store.hp.com/us/en/vwa/laptops/form=Standard-laptop" type="foritem">
<kw name="Log To Console" library="BuiltIn">
<doc>Logs the given message to the console.</doc>
<arguments>
<arg>${line}</arg>
</arguments>
<status status="PASS" starttime="20200629 01:44:31.093" endtime="20200629 01:44:31.094"></status>
</kw>
<kw name="Go To" library="Selenium2Library">
<doc>Navigates the current browser window to the provided ``url``.</doc>
<arguments>
<arg>${line}</arg>
</arguments>
<msg timestamp="20200629 01:44:31.094" level="INFO">Opening url 'https://store.hp.com/us/en/vwa/laptops/form=Standard-laptop'</msg>
<status status="PASS" starttime="20200629 01:44:31.094" endtime="20200629 01:44:33.515"></status>
</kw>
<status status="PASS" starttime="20200629 01:44:31.092" endtime="20200629 01:44:33.515"></status>
</kw>
<kw name="${line} = https://www8.hp.com/us/en/workstations-family-page/index.html" type="foritem">
<kw name="Log To Console" library="BuiltIn">
<doc>Logs the given message to the console.</doc>
<arguments>
<arg>${line}</arg>
</arguments>
<status status="PASS" starttime="20200629 01:44:33.516" endtime="20200629 01:44:33.517"></status>
</kw>
<kw name="Go To" library="Selenium2Library">
<doc>Navigates the current browser window to the provided ``url``.</doc>
<arguments>
<arg>${line}</arg>
</arguments>
<msg timestamp="20200629 01:44:33.517" level="INFO">Opening url 'https://www8.hp.com/us/en/workstations-family-page/index.html'</msg>
<status status="PASS" starttime="20200629 01:44:33.517" endtime="20200629 01:44:35.577"></status>
</kw>
<status status="PASS" starttime="20200629 01:44:33.516" endtime="20200629 01:44:35.577"></status>
</kw>
<kw name="${line} = https://store.hp.com/us/en/vwa/laptops/form=Convertible,Detachable,Detachable-Workstation" type="foritem">
<kw name="Log To Console" library="BuiltIn">
<doc>Logs the given message to the console.</doc>
<arguments>
<arg>${line}</arg>
</arguments>
<status status="PASS" starttime="20200629 01:44:35.578" endtime="20200629 01:44:35.579"></status>
</kw>
<kw name="Go To" library="Selenium2Library">
<doc>Navigates the current browser window to the provided ``url``.</doc>
<arguments>
<arg>${line}</arg>
</arguments>
<msg timestamp="20200629 01:44:35.580" level="INFO">Opening url 'https://store.hp.com/us/en/vwa/laptops/form=Convertible,Detachable,Detachable-Workstation'</msg>
<status status="PASS" starttime="20200629 01:44:35.579" endtime="20200629 01:44:37.430"></status>
</kw>
<status status="PASS" starttime="20200629 01:44:35.578" endtime="20200629 01:44:37.431"></status>
</kw>
<kw name="${line} = https://store.hp.com/us/en/slp/weekly-deals/laptops" type="foritem">
<kw name="Log To Console" library="BuiltIn">
<doc>Logs the given message to the console.</doc>
<arguments>
<arg>${line}</arg>
</arguments>
<status status="PASS" starttime="20200629 01:44:37.431" endtime="20200629 01:44:37.431"></status>
</kw>
<kw name="Go To" library="Selenium2Library">
<doc>Navigates the current browser window to the provided ``url``.</doc>
<arguments>
<arg>${line}</arg>
</arguments>
<msg timestamp="20200629 01:44:37.432" level="INFO">Opening url 'https://store.hp.com/us/en/slp/weekly-deals/laptops'</msg>
<status status="PASS" starttime="20200629 01:44:37.432" endtime="20200629 01:44:40.777"></status>
</kw>
<status status="PASS" starttime="20200629 01:44:37.431" endtime="20200629 01:44:40.777"></status>
</kw>
<kw name="${line} = https://store.hp.com/us/en/cat/desktops" type="foritem">
<kw name="Log To Console" library="BuiltIn">
<doc>Logs the given message to the console.</doc>
<arguments>
<arg>${line}</arg>
</arguments>
<status status="PASS" starttime="20200629 01:44:40.778" endtime="20200629 01:44:40.778"></status>
</kw>
<kw name="Go To" library="Selenium2Library">
<doc>Navigates the current browser window to the provided ``url``.</doc>
<arguments>
<arg>${line}</arg>
</arguments>
<msg timestamp="20200629 01:44:40.779" level="INFO">Opening url 'https://store.hp.com/us/en/cat/desktops'</msg>
<status status="PASS" starttime="20200629 01:44:40.779" endtime="20200629 01:44:43.058"></status>
</kw>
<status status="PASS" starttime="20200629 01:44:40.777" endtime="20200629 01:44:43.058"></status>
</kw>
<kw name="${line} = https://www8.hp.com/us/en/desktops/business-desktops.html" type="foritem">
<kw name="Log To Console" library="BuiltIn">
<doc>Logs the given message to the console.</doc>
<arguments>
<arg>${line}</arg>
</arguments>
<status status="PASS" starttime="20200629 01:44:43.058" endtime="20200629 01:44:43.059"></status>
</kw>
<kw name="Go To" library="Selenium2Library">
<doc>Navigates the current browser window to the provided ``url``.</doc>
<arguments>
<arg>${line}</arg>
</arguments>
<msg timestamp="20200629 01:44:43.060" level="INFO">Opening url 'https://www8.hp.com/us/en/desktops/business-desktops.html'</msg>
<status status="PASS" starttime="20200629 01:44:43.059" endtime="20200629 01:44:44.808"></status>
</kw>
<status status="PASS" starttime="20200629 01:44:43.058" endtime="20200629 01:44:44.808"></status>
</kw>
<kw name="${line} = https://www8.hp.com/us/en/campaigns/sprout-pro/overview.html" type="foritem">
<kw name="Log To Console" library="BuiltIn">
<doc>Logs the given message to the console.</doc>
<arguments>
<arg>${line}</arg>
</arguments>
<status status="PASS" starttime="20200629 01:44:44.809" endtime="20200629 01:44:44.810"></status>
</kw>
<kw name="Go To" library="Selenium2Library">
<doc>Navigates the current browser window to the provided ``url``.</doc>
<arguments>
<arg>${line}</arg>
</arguments>
<msg timestamp="20200629 01:44:44.811" level="INFO">Opening url 'https://www8.hp.com/us/en/campaigns/sprout-pro/overview.html'</msg>
<status status="PASS" starttime="20200629 01:44:44.810" endtime="20200629 01:44:46.728"></status>
</kw>
<status status="PASS" starttime="20200629 01:44:44.808" endtime="20200629 01:44:46.728"></status>
</kw>
<kw name="${line} = https://store.hp.com/us/en/vwa/desktops/form=Tower" type="foritem">
<kw name="Log To Console" library="BuiltIn">
<doc>Logs the given message to the console.</doc>
<arguments>
<arg>${line}</arg>
</arguments>
<status status="PASS" starttime="20200629 01:44:46.729" endtime="20200629 01:44:46.730"></status>
</kw>
<kw name="Go To" library="Selenium2Library">
<doc>Navigates the current browser window to the provided ``url``.</doc>
<arguments>
<arg>${line}</arg>
</arguments>
<msg timestamp="20200629 01:44:46.731" level="INFO">Opening url 'https://store.hp.com/us/en/vwa/desktops/form=Tower'</msg>
<status status="PASS" starttime="20200629 01:44:46.730" endtime="20200629 01:44:48.488"></status>
</kw>
<status status="PASS" starttime="20200629 01:44:46.728" endtime="20200629 01:44:48.488"></status>
</kw>
<kw name="${line} = https://www8.hp.com/us/en/workstations/desktops/index.html" type="foritem">
<kw name="Log To Console" library="BuiltIn">
<doc>Logs the given message to the console.</doc>
<arguments>
<arg>${line}</arg>
</arguments>
<status status="PASS" starttime="20200629 01:44:48.489" endtime="20200629 01:44:48.489"></status>
</kw>
<kw name="Go To" library="Selenium2Library">
<doc>Navigates the current browser window to the provided ``url``.</doc>
<arguments>
<arg>${line}</arg>
</arguments>
<msg timestamp="20200629 01:44:48.490" level="INFO">Opening url 'https://www8.hp.com/us/en/workstations/desktops/index.html'</msg>
<status status="PASS" starttime="20200629 01:44:48.490" endtime="20200629 01:44:50.696"></status>
</kw>
<status status="PASS" starttime="20200629 01:44:48.488" endtime="20200629 01:44:50.696"></status>
</kw>
<kw name="${line} = https://store.hp.com/us/en/vwa/desktops/form=All-in-One" type="foritem">
<kw name="Log To Console" library="BuiltIn">
<doc>Logs the given message to the console.</doc>
<arguments>
<arg>${line}</arg>
</arguments>
<status status="PASS" starttime="20200629 01:44:50.697" endtime="20200629 01:44:50.697"></status>
</kw>
<kw name="Go To" library="Selenium2Library">
<doc>Navigates the current browser window to the provided ``url``.</doc>
<arguments>
<arg>${line}</arg>
</arguments>
<msg timestamp="20200629 01:44:50.698" level="INFO">Opening url 'https://store.hp.com/us/en/vwa/desktops/form=All-in-One'</msg>
<status status="PASS" starttime="20200629 01:44:50.697" endtime="20200629 01:44:52.641"></status>
</kw>
<status status="PASS" starttime="20200629 01:44:50.696" endtime="20200629 01:44:52.641"></status>
</kw>
<kw name="${line} = https://store.hp.com/us/en/slp/weekly-deals/desktops" type="foritem">
<kw name="Log To Console" library="BuiltIn">
<doc>Logs the given message to the console.</doc>
<arguments>
<arg>${line}</arg>
</arguments>
<status status="PASS" starttime="20200629 01:44:52.642" endtime="20200629 01:44:52.642"></status>
</kw>
<kw name="Go To" library="Selenium2Library">
<doc>Navigates the current browser window to the provided ``url``.</doc>
<arguments>
<arg>${line}</arg>
</arguments>
<msg timestamp="20200629 01:44:52.643" level="INFO">Opening url 'https://store.hp.com/us/en/slp/weekly-deals/desktops'</msg>
<status status="PASS" starttime="20200629 01:44:52.643" endtime="20200629 01:44:55.651"></status>
</kw>
<status status="PASS" starttime="20200629 01:44:52.641" endtime="20200629 01:44:55.651"></status>
</kw>
<kw name="${line} = https://store.hp.com/us/en/cv/printers" type="foritem">
<kw name="Log To Console" library="BuiltIn">
<doc>Logs the given message to the console.</doc>
<arguments>
<arg>${line}</arg>
</arguments>
<status status="PASS" starttime="20200629 01:44:55.652" endtime="20200629 01:44:55.652"></status>
</kw>
<kw name="Go To" library="Selenium2Library">
<doc>Navigates the current browser window to the provided ``url``.</doc>
<arguments>
<arg>${line}</arg>
</arguments>
<msg timestamp="20200629 01:44:55.653" level="INFO">Opening url 'https://store.hp.com/us/en/cv/printers'</msg>
<status status="PASS" starttime="20200629 01:44:55.653" endtime="20200629 01:44:57.452"></status>
</kw>
<status status="PASS" starttime="20200629 01:44:55.651" endtime="20200629 01:44:57.452"></status>
</kw>
<kw name="${line} = https://store.hp.com/us/en/vwa/printers/segm=Home-and-home-office" type="foritem">
<kw name="Log To Console" library="BuiltIn">
<doc>Logs the given message to the console.</doc>
<arguments>
<arg>${line}</arg>
</arguments>
<status status="PASS" starttime="20200629 01:44:57.453" endtime="20200629 01:44:57.453"></status>
</kw>
<kw name="Go To" library="Selenium2Library">
<doc>Navigates the current browser window to the provided ``url``.</doc>
<arguments>
<arg>${line}</arg>
</arguments>
<msg timestamp="20200629 01:44:57.454" level="INFO">Opening url 'https://store.hp.com/us/en/vwa/printers/segm=Home-and-home-office'</msg>
<status status="PASS" starttime="20200629 01:44:57.453" endtime="20200629 01:45:00.358"></status>
</kw>
<status status="PASS" starttime="20200629 01:44:57.452" endtime="20200629 01:45:00.358"></status>
</kw>
<kw name="${line} = https://www8.hp.com/us/en/printers/business-printers.html" type="foritem">
<kw name="Log To Console" library="BuiltIn">
<doc>Logs the given message to the console.</doc>
<arguments>
<arg>${line}</arg>
</arguments>
<status status="PASS" starttime="20200629 01:45:00.358" endtime="20200629 01:45:00.359"></status>
</kw>
<kw name="Go To" library="Selenium2Library">
<doc>Navigates the current browser window to the provided ``url``.</doc>
<arguments>
<arg>${line}</arg>
</arguments>
<msg timestamp="20200629 01:45:00.360" level="INFO">Opening url 'https://www8.hp.com/us/en/printers/business-printers.html'</msg>
<status status="PASS" starttime="20200629 01:45:00.359" endtime="20200629 01:45:02.862"></status>
</kw>
<status status="PASS" starttime="20200629 01:45:00.358" endtime="20200629 01:45:02.862"></status>
</kw>
<kw name="${line} = https://www8.hp.com/us/en/printers/sprocket.html" type="foritem">
<kw name="Log To Console" library="BuiltIn">
<doc>Logs the given message to the console.</doc>
<arguments>
<arg>${line}</arg>
</arguments>
<status status="PASS" starttime="20200629 01:45:02.862" endtime="20200629 01:45:02.863"></status>
</kw>
<kw name="Go To" library="Selenium2Library">
<doc>Navigates the current browser window to the provided ``url``.</doc>
<arguments>
<arg>${line}</arg>
</arguments>
<msg timestamp="20200629 01:45:02.864" level="INFO">Opening url 'https://www8.hp.com/us/en/printers/sprocket.html'</msg>
<status status="PASS" starttime="20200629 01:45:02.863" endtime="20200629 01:45:08.656"></status>
</kw>
<status status="PASS" starttime="20200629 01:45:02.862" endtime="20200629 01:45:08.657"></status>
</kw>
<kw name="${line} = https://store.hp.com/us/en/vwa/printers/prnttyp=Print-only" type="foritem">
<kw name="Log To Console" library="BuiltIn">
<doc>Logs the given message to the console.</doc>
<arguments>
<arg>${line}</arg>
</arguments>
<status status="PASS" starttime="20200629 01:45:08.659" endtime="20200629 01:45:08.660"></status>
</kw>
<kw name="Go To" library="Selenium2Library">
<doc>Navigates the current browser window to the provided ``url``.</doc>
<arguments>
<arg>${line}</arg>
</arguments>
<msg timestamp="20200629 01:45:08.663" level="INFO">Opening url 'https://store.hp.com/us/en/vwa/printers/prnttyp=Print-only'</msg>
<status status="PASS" starttime="20200629 01:45:08.661" endtime="20200629 01:45:10.543"></status>
</kw>
<status status="PASS" starttime="20200629 01:45:08.658" endtime="20200629 01:45:10.544"></status>
</kw>
<kw name="${line} = https://store.hp.com/us/en/vwa/printers/prnttyp=Print-scan-and-copy,Print-scan-copy-and-fax" type="foritem">
<kw name="Log To Console" library="BuiltIn">
<doc>Logs the given message to the console.</doc>
<arguments>
<arg>${line}</arg>
</arguments>
<status status="PASS" starttime="20200629 01:45:10.544" endtime="20200629 01:45:10.545"></status>
</kw>
<kw name="Go To" library="Selenium2Library">
<doc>Navigates the current browser window to the provided ``url``.</doc>
<arguments>
<arg>${line}</arg>
</arguments>
<msg timestamp="20200629 01:45:10.545" level="INFO">Opening url 'https://store.hp.com/us/en/vwa/printers/prnttyp=Print-scan-and-copy,Print-scan-copy-and-fax'</msg>
<status status="PASS" starttime="20200629 01:45:10.545" endtime="20200629 01:45:13.227"></status>
</kw>
<status status="PASS" starttime="20200629 01:45:10.544" endtime="20200629 01:45:13.227"></status>
</kw>
<kw name="${line} = https://store.hp.com/us/en/mdp/printers/scanjet--1#!&amp;TabName=features" type="foritem">
<kw name="Log To Console" library="BuiltIn">
<doc>Logs the given message to the console.</doc>
<arguments>
<arg>${line}</arg>
</arguments>
<status status="PASS" starttime="20200629 01:45:13.227" endtime="20200629 01:45:13.228"></status>
</kw>
<kw name="Go To" library="Selenium2Library">
<doc>Navigates the current browser window to the provided ``url``.</doc>
<arguments>
<arg>${line}</arg>
</arguments>
<msg timestamp="20200629 01:45:13.229" level="INFO">Opening url 'https://store.hp.com/us/en/mdp/printers/scanjet--1#!&amp;TabName=features'</msg>
<status status="PASS" starttime="20200629 01:45:13.228" endtime="20200629 01:45:17.775"></status>
</kw>
<status status="PASS" starttime="20200629 01:45:13.227" endtime="20200629 01:45:17.775"></status>
</kw>
<kw name="${line} = https://www8.hp.com/us/en/commercial-printers/graphic-arts.html" type="foritem">
<kw name="Log To Console" library="BuiltIn">
<doc>Logs the given message to the console.</doc>
<arguments>
<arg>${line}</arg>
</arguments>
<status status="PASS" starttime="20200629 01:45:17.776" endtime="20200629 01:45:17.776"></status>
</kw>
<kw name="Go To" library="Selenium2Library">
<doc>Navigates the current browser window to the provided ``url``.</doc>
<arguments>
<arg>${line}</arg>
</arguments>
<msg timestamp="20200629 01:45:17.777" level="INFO">Opening url 'https://www8.hp.com/us/en/commercial-printers/graphic-arts.html'</msg>
<status status="PASS" starttime="20200629 01:45:17.776" endtime="20200629 01:45:20.407"></status>
</kw>
<status status="PASS" starttime="20200629 01:45:17.775" endtime="20200629 01:45:20.407"></status>
</kw>
<kw name="${line} = https://www8.hp.com/us/en/printers/3d-printers.html" type="foritem">
<kw name="Log To Console" library="BuiltIn">
<doc>Logs the given message to the console.</doc>
<arguments>
<arg>${line}</arg>
</arguments>
<status status="PASS" starttime="20200629 01:45:20.408" endtime="20200629 01:45:20.408"></status>
</kw>
<kw name="Go To" library="Selenium2Library">
<doc>Navigates the current browser window to the provided ``url``.</doc>
<arguments>
<arg>${line}</arg>
</arguments>
<msg timestamp="20200629 01:45:20.409" level="INFO">Opening url 'https://www8.hp.com/us/en/printers/3d-printers.html'</msg>
<status status="PASS" starttime="20200629 01:45:20.408" endtime="20200629 01:45:22.488"></status>
</kw>
<status status="PASS" starttime="20200629 01:45:20.407" endtime="20200629 01:45:22.488"></status>
</kw>
<kw name="${line} = https://store.hp.com/us/en/cat/ink--toner---paper" type="foritem">
<kw name="Log To Console" library="BuiltIn">
<doc>Logs the given message to the console.</doc>
<arguments>
<arg>${line}</arg>
</arguments>
<status status="PASS" starttime="20200629 01:45:22.488" endtime="20200629 01:45:22.489"></status>
</kw>
<kw name="Go To" library="Selenium2Library">
<doc>Navigates the current browser window to the provided ``url``.</doc>
<arguments>
<arg>${line}</arg>
</arguments>
<msg timestamp="20200629 01:45:22.490" level="INFO">Opening url 'https://store.hp.com/us/en/cat/ink--toner---paper'</msg>
<status status="PASS" starttime="20200629 01:45:22.489" endtime="20200629 01:45:24.074"></status>
</kw>
<status status="PASS" starttime="20200629 01:45:22.488" endtime="20200629 01:45:24.074"></status>
</kw>
<kw name="${line} = https://store.hp.com/us/en/cv/accessories" type="foritem">
<kw name="Log To Console" library="BuiltIn">
<doc>Logs the given message to the console.</doc>
<arguments>
<arg>${line}</arg>
</arguments>
<status status="PASS" starttime="20200629 01:45:24.075" endtime="20200629 01:45:24.076"></status>
</kw>
<kw name="Go To" library="Selenium2Library">
<doc>Navigates the current browser window to the provided ``url``.</doc>
<arguments>
<arg>${line}</arg>
</arguments>
<msg timestamp="20200629 01:45:24.076" level="INFO">Opening url 'https://store.hp.com/us/en/cv/accessories'</msg>
<status status="PASS" starttime="20200629 01:45:24.076" endtime="20200629 01:45:28.369"></status>
</kw>
<status status="PASS" starttime="20200629 01:45:24.074" endtime="20200629 01:45:28.369"></status>
</kw>
<kw name="${line} = https://www8.hp.com/us/en/solutions/business-solutions.html" type="foritem">
<kw name="Log To Console" library="BuiltIn">
<doc>Logs the given message to the console.</doc>
<arguments>
<arg>${line}</arg>
</arguments>
<status status="PASS" starttime="20200629 01:45:28.370" endtime="20200629 01:45:28.370"></status>
</kw>
<kw name="Go To" library="Selenium2Library">
<doc>Navigates the current browser window to the provided ``url``.</doc>
<arguments>
<arg>${line}</arg>
</arguments>
<msg timestamp="20200629 01:45:28.371" level="INFO">Opening url 'https://www8.hp.com/us/en/solutions/business-solutions.html'</msg>
<status status="PASS" starttime="20200629 01:45:28.371" endtime="20200629 01:45:30.509"></status>
</kw>
<status status="PASS" starttime="20200629 01:45:28.369" endtime="20200629 01:45:30.509"></status>
</kw>
<kw name="${line} = https://www8.hp.com/us/en/solutions/business-solutions/security.html" type="foritem">
<kw name="Log To Console" library="BuiltIn">
<doc>Logs the given message to the console.</doc>
<arguments>
<arg>${line}</arg>
</arguments>
<status status="PASS" starttime="20200629 01:45:30.509" endtime="20200629 01:45:30.510"></status>
</kw>
<kw name="Go To" library="Selenium2Library">
<doc>Navigates the current browser window to the provided ``url``.</doc>
<arguments>
<arg>${line}</arg>
</arguments>
<msg timestamp="20200629 01:45:30.511" level="INFO">Opening url 'https://www8.hp.com/us/en/solutions/business-solutions/security.html'</msg>
<status status="PASS" starttime="20200629 01:45:30.510" endtime="20200629 01:45:33.284"></status>
</kw>
<status status="PASS" starttime="20200629 01:45:30.509" endtime="20200629 01:45:33.284"></status>
</kw>
<kw name="${line} = https://www8.hp.com/us/en/solutions/business-solutions/services.html" type="foritem">
<kw name="Log To Console" library="BuiltIn">
<doc>Logs the given message to the console.</doc>
<arguments>
<arg>${line}</arg>
</arguments>
<status status="PASS" starttime="20200629 01:45:33.285" endtime="20200629 01:45:33.286"></status>
</kw>
<kw name="Go To" library="Selenium2Library">
<doc>Navigates the current browser window to the provided ``url``.</doc>
<arguments>
<arg>${line}</arg>
</arguments>
<msg timestamp="20200629 01:45:33.286" level="INFO">Opening url 'https://www8.hp.com/us/en/solutions/business-solutions/services.html'</msg>
<status status="PASS" starttime="20200629 01:45:33.286" endtime="20200629 01:45:34.262"></status>
</kw>
<status status="PASS" starttime="20200629 01:45:33.285" endtime="20200629 01:45:34.262"></status>
</kw>
<kw name="${line} = https://www8.hp.com/us/en/solutions/business-solutions/printingsolutions/overview.html" type="foritem">
<kw name="Log To Console" library="BuiltIn">
<doc>Logs the given message to the console.</doc>
<arguments>
<arg>${line}</arg>
</arguments>
<status status="PASS" starttime="20200629 01:45:34.263" endtime="20200629 01:45:34.263"></status>
</kw>
<kw name="Go To" library="Selenium2Library">
<doc>Navigates the current browser window to the provided ``url``.</doc>
<arguments>
<arg>${line}</arg>
</arguments>
<msg timestamp="20200629 01:45:34.264" level="INFO">Opening url 'https://www8.hp.com/us/en/solutions/business-solutions/printingsolutions/overview.html'</msg>
<status status="PASS" starttime="20200629 01:45:34.264" endtime="20200629 01:45:35.775"></status>
</kw>
<status status="PASS" starttime="20200629 01:45:34.262" endtime="20200629 01:45:35.775"></status>
</kw>
<kw name="${line} = https://www8.hp.com/us/en/solutions/vr-commercial.html" type="foritem">
<kw name="Log To Console" library="BuiltIn">
<doc>Logs the given message to the console.</doc>
<arguments>
<arg>${line}</arg>
</arguments>
<status status="PASS" starttime="20200629 01:45:35.776" endtime="20200629 01:45:35.776"></status>
</kw>
<kw name="Go To" library="Selenium2Library">
<doc>Navigates the current browser window to the provided ``url``.</doc>
<arguments>
<arg>${line}</arg>
</arguments>
<msg timestamp="20200629 01:45:35.777" level="INFO">Opening url 'https://www8.hp.com/us/en/solutions/vr-commercial.html'</msg>
<status status="PASS" starttime="20200629 01:45:35.777" endtime="20200629 01:45:37.177"></status>
</kw>
<status status="PASS" starttime="20200629 01:45:35.775" endtime="20200629 01:45:37.177"></status>
</kw>
<kw name="${line} = https://www8.hp.com/us/en/solutions/industries.html" type="foritem">
<kw name="Log To Console" library="BuiltIn">
<doc>Logs the given message to the console.</doc>
<arguments>
<arg>${line}</arg>
</arguments>
<status status="PASS" starttime="20200629 01:45:37.177" endtime="20200629 01:45:37.177"></status>
</kw>
<kw name="Go To" library="Selenium2Library">
<doc>Navigates the current browser window to the provided ``url``.</doc>
<arguments>
<arg>${line}</arg>
</arguments>
<msg timestamp="20200629 01:45:37.178" level="INFO">Opening url 'https://www8.hp.com/us/en/solutions/industries.html'</msg>
<status status="PASS" starttime="20200629 01:45:37.178" endtime="20200629 01:45:44.313"></status>
</kw>
<status status="PASS" starttime="20200629 01:45:37.177" endtime="20200629 01:45:44.313"></status>
</kw>
<kw name="${line} = https://store.hp.com/us/en/cat/business-solutions" type="foritem">
<kw name="Log To Console" library="BuiltIn">
<doc>Logs the given message to the console.</doc>
<arguments>
<arg>${line}</arg>
</arguments>
<status status="PASS" starttime="20200629 01:45:44.313" endtime="20200629 01:45:44.313"></status>
</kw>
<kw name="Go To" library="Selenium2Library">
<doc>Navigates the current browser window to the provided ``url``.</doc>
<arguments>
<arg>${line}</arg>
</arguments>
<msg timestamp="20200629 01:45:44.314" level="INFO">Opening url 'https://store.hp.com/us/en/cat/business-solutions'</msg>
<status status="PASS" starttime="20200629 01:45:44.314" endtime="20200629 01:45:46.089"></status>
</kw>
<status status="PASS" starttime="20200629 01:45:44.313" endtime="20200629 01:45:46.089"></status>
</kw>
<kw name="${line} = https://www8.hp.com/us/en/hp-information/business-site/index.html" type="foritem">
<kw name="Log To Console" library="BuiltIn">
<doc>Logs the given message to the console.</doc>
<arguments>
<arg>${line}</arg>
</arguments>
<status status="PASS" starttime="20200629 01:45:46.089" endtime="20200629 01:45:46.090"></status>
</kw>
<kw name="Go To" library="Selenium2Library">
<doc>Navigates the current browser window to the provided ``url``.</doc>
<arguments>
<arg>${line}</arg>
</arguments>
<msg timestamp="20200629 01:45:46.091" level="INFO">Opening url 'https://www8.hp.com/us/en/hp-information/business-site/index.html'</msg>
<status status="PASS" starttime="20200629 01:45:46.091" endtime="20200629 01:45:49.158"></status>
</kw>
<status status="PASS" starttime="20200629 01:45:46.089" endtime="20200629 01:45:49.158"></status>
</kw>
<kw name="${line} = https://government.hp.com/index.aspx" type="foritem">
<kw name="Log To Console" library="BuiltIn">
<doc>Logs the given message to the console.</doc>
<arguments>
<arg>${line}</arg>
</arguments>
<status status="PASS" starttime="20200629 01:45:49.158" endtime="20200629 01:45:49.159"></status>
</kw>
<kw name="Go To" library="Selenium2Library">
<doc>Navigates the current browser window to the provided ``url``.</doc>
<arguments>
<arg>${line}</arg>
</arguments>
<msg timestamp="20200629 01:45:49.159" level="INFO">Opening url 'https://government.hp.com/index.aspx'</msg>
<status status="PASS" starttime="20200629 01:45:49.159" endtime="20200629 01:45:56.924"></status>
</kw>
<status status="PASS" starttime="20200629 01:45:49.158" endtime="20200629 01:45:56.924"></status>
</kw>
<kw name="${line} = https://support.hp.com/us-en" type="foritem">
<kw name="Log To Console" library="BuiltIn">
<doc>Logs the given message to the console.</doc>
<arguments>
<arg>${line}</arg>
</arguments>
<status status="PASS" starttime="20200629 01:45:56.925" endtime="20200629 01:45:56.925"></status>
</kw>
<kw name="Go To" library="Selenium2Library">
<doc>Navigates the current browser window to the provided ``url``.</doc>
<arguments>
<arg>${line}</arg>
</arguments>
<msg timestamp="20200629 01:45:56.925" level="INFO">Opening url 'https://support.hp.com/us-en'</msg>
<status status="PASS" starttime="20200629 01:45:56.925" endtime="20200629 01:46:01.935"></status>
</kw>
<status status="PASS" starttime="20200629 01:45:56.924" endtime="20200629 01:46:01.935"></status>
</kw>
<kw name="${line} = https://support.hp.com/us-en/drivers" type="foritem">
<kw name="Log To Console" library="BuiltIn">
<doc>Logs the given message to the console.</doc>
<arguments>
<arg>${line}</arg>
</arguments>
<status status="PASS" starttime="20200629 01:46:01.935" endtime="20200629 01:46:01.936"></status>
</kw>
<kw name="Go To" library="Selenium2Library">
<doc>Navigates the current browser window to the provided ``url``.</doc>
<arguments>
<arg>${line}</arg>
</arguments>
<msg timestamp="20200629 01:46:01.937" level="INFO">Opening url 'https://support.hp.com/us-en/drivers'</msg>
<status status="PASS" starttime="20200629 01:46:01.936" endtime="20200629 01:46:09.150"></status>
</kw>
<status status="PASS" starttime="20200629 01:46:01.935" endtime="20200629 01:46:09.150"></status>
</kw>
<kw name="${line} = https://support.hp.com/us-en/topic/diagnostics" type="foritem">
<kw name="Log To Console" library="BuiltIn">
<doc>Logs the given message to the console.</doc>
<arguments>
<arg>${line}</arg>
</arguments>
<status status="PASS" starttime="20200629 01:46:09.151" endtime="20200629 01:46:09.152"></status>
</kw>
<kw name="Go To" library="Selenium2Library">
<doc>Navigates the current browser window to the provided ``url``.</doc>
<arguments>
<arg>${line}</arg>
</arguments>
<msg timestamp="20200629 01:46:09.153" level="INFO">Opening url 'https://support.hp.com/us-en/topic/diagnostics'</msg>
<status status="PASS" starttime="20200629 01:46:09.152" endtime="20200629 01:46:10.141"></status>
</kw>
<status status="PASS" starttime="20200629 01:46:09.150" endtime="20200629 01:46:10.141"></status>
</kw>
<kw name="${line} = https://support.hp.com/us-en/products/" type="foritem">
<kw name="Log To Console" library="BuiltIn">
<doc>Logs the given message to the console.</doc>
<arguments>
<arg>${line}</arg>
</arguments>
<status status="PASS" starttime="20200629 01:46:10.142" endtime="20200629 01:46:10.143"></status>
</kw>
<kw name="Go To" library="Selenium2Library">
<doc>Navigates the current browser window to the provided ``url``.</doc>
<arguments>
<arg>${line}</arg>
</arguments>
<msg timestamp="20200629 01:46:10.143" level="INFO">Opening url 'https://support.hp.com/us-en/products/'</msg>
<status status="PASS" starttime="20200629 01:46:10.143" endtime="20200629 01:46:11.151"></status>
</kw>
<status status="PASS" starttime="20200629 01:46:10.142" endtime="20200629 01:46:11.151"></status>
</kw>
<kw name="${line} = https://h30434.www3.hp.com/" type="foritem">
<kw name="Log To Console" library="BuiltIn">
<doc>Logs the given message to the console.</doc>
<arguments>
<arg>${line}</arg>
</arguments>
<status status="PASS" starttime="20200629 01:46:11.152" endtime="20200629 01:46:11.153"></status>
</kw>
<kw name="Go To" library="Selenium2Library">
<doc>Navigates the current browser window to the provided ``url``.</doc>
<arguments>
<arg>${line}</arg>
</arguments>
<msg timestamp="20200629 01:46:11.154" level="INFO">Opening url 'https://h30434.www3.hp.com/'</msg>
<status status="PASS" starttime="20200629 01:46:11.153" endtime="20200629 01:46:27.597"></status>
</kw>
<status status="PASS" starttime="20200629 01:46:11.152" endtime="20200629 01:46:27.598"></status>
</kw>
<kw name="${line} = https://www8.hp.com/us/en/services/consumer/smartfriend-overview.html" type="foritem">
<kw name="Log To Console" library="BuiltIn">
<doc>Logs the given message to the console.</doc>
<arguments>
<arg>${line}</arg>
</arguments>
<status status="PASS" starttime="20200629 01:46:27.598" endtime="20200629 01:46:27.599"></status>
</kw>
<kw name="Go To" library="Selenium2Library">
<doc>Navigates the current browser window to the provided ``url``.</doc>
<arguments>
<arg>${line}</arg>
</arguments>
<msg timestamp="20200629 01:46:27.600" level="INFO">Opening url 'https://www8.hp.com/us/en/services/consumer/smartfriend-overview.html'</msg>
<status status="PASS" starttime="20200629 01:46:27.599" endtime="20200629 01:46:29.285"></status>
</kw>
<status status="PASS" starttime="20200629 01:46:27.598" endtime="20200629 01:46:29.285"></status>
</kw>
<kw name="${line} = https://www8.hp.com/us/en/services/overview.html" type="foritem">
<kw name="Log To Console" library="BuiltIn">
<doc>Logs the given message to the console.</doc>
<arguments>
<arg>${line}</arg>
</arguments>
<status status="PASS" starttime="20200629 01:46:29.286" endtime="20200629 01:46:29.286"></status>
</kw>
<kw name="Go To" library="Selenium2Library">
<doc>Navigates the current browser window to the provided ``url``.</doc>
<arguments>
<arg>${line}</arg>
</arguments>
<msg timestamp="20200629 01:46:29.287" level="INFO">Opening url 'https://www8.hp.com/us/en/services/overview.html'</msg>
<status status="PASS" starttime="20200629 01:46:29.286" endtime="20200629 01:46:30.723"></status>
</kw>
<status status="PASS" starttime="20200629 01:46:29.285" endtime="20200629 01:46:30.724"></status>
</kw>
<kw name="${line} = https://www8.hp.com/us/en/services/consumer/services-overview.html" type="foritem">
<kw name="Log To Console" library="BuiltIn">
<doc>Logs the given message to the console.</doc>
<arguments>
<arg>${line}</arg>
</arguments>
<status status="PASS" starttime="20200629 01:46:30.724" endtime="20200629 01:46:30.724"></status>
</kw>
<kw name="Go To" library="Selenium2Library">
<doc>Navigates the current browser window to the provided ``url``.</doc>
<arguments>
<arg>${line}</arg>
</arguments>
<msg timestamp="20200629 01:46:30.725" level="INFO">Opening url 'https://www8.hp.com/us/en/services/consumer/services-overview.html'</msg>
<status status="PASS" starttime="20200629 01:46:30.725" endtime="20200629 01:46:32.189"></status>
</kw>
<status status="PASS" starttime="20200629 01:46:30.724" endtime="20200629 01:46:32.189"></status>
</kw>
<kw name="${line} = https://parts.hp.com/hpparts/default.aspx?cc=US&amp;lang=EN" type="foritem">
<kw name="Log To Console" library="BuiltIn">
<doc>Logs the given message to the console.</doc>
<arguments>
<arg>${line}</arg>
</arguments>
<status status="PASS" starttime="20200629 01:46:32.190" endtime="20200629 01:46:32.190"></status>
</kw>
<kw name="Go To" library="Selenium2Library">
<doc>Navigates the current browser window to the provided ``url``.</doc>
<arguments>
<arg>${line}</arg>
</arguments>
<msg timestamp="20200629 01:46:32.191" level="INFO">Opening url 'https://parts.hp.com/hpparts/default.aspx?cc=US&amp;lang=EN'</msg>
<status status="PASS" starttime="20200629 01:46:32.191" endtime="20200629 01:46:58.153"></status>
</kw>
<status status="PASS" starttime="20200629 01:46:32.190" endtime="20200629 01:46:58.153"></status>
</kw>
<kw name="${line} = https://store.hp.com/us/en/OrderCalculate?storeId=10151&amp;catalogId=10051&amp;langId=-1&amp;calculationUsageId=-1&amp;URL=AjaxOrderItemDisplayView" type="foritem">
<kw name="Log To Console" library="BuiltIn">
<doc>Logs the given message to the console.</doc>
<arguments>
<arg>${line}</arg>
</arguments>
<status status="PASS" starttime="20200629 01:46:58.154" endtime="20200629 01:46:58.154"></status>
</kw>
<kw name="Go To" library="Selenium2Library">
<doc>Navigates the current browser window to the provided ``url``.</doc>
<arguments>
<arg>${line}</arg>
</arguments>
<msg timestamp="20200629 01:46:58.155" level="INFO">Opening url 'https://store.hp.com/us/en/OrderCalculate?storeId=10151&amp;catalogId=10051&amp;langId=-1&amp;calculationUsageId=-1&amp;URL=AjaxOrderItemDisplayView'</msg>
<status status="PASS" starttime="20200629 01:46:58.154" endtime="20200629 01:46:59.728"></status>
</kw>
<status status="PASS" starttime="20200629 01:46:58.153" endtime="20200629 01:46:59.728"></status>
</kw>
<kw name="${line} = https://store.hp.com/us/en/AjaxOrderItemDisplayView?errorViewName=AjaxOrderItemDisplayView&amp;catalogId=10051&amp;langId=-1&amp;storeId=10151" type="foritem">
<kw name="Log To Console" library="BuiltIn">
<doc>Logs the given message to the console.</doc>
<arguments>
<arg>${line}</arg>
</arguments>
<status status="PASS" starttime="20200629 01:46:59.730" endtime="20200629 01:46:59.732"></status>
</kw>
<kw name="Go To" library="Selenium2Library">
<doc>Navigates the current browser window to the provided ``url``.</doc>
<arguments>
<arg>${line}</arg>
</arguments>
<msg timestamp="20200629 01:46:59.736" level="INFO">Opening url 'https://store.hp.com/us/en/AjaxOrderItemDisplayView?errorViewName=AjaxOrderItemDisplayView&amp;catalogId=10051&amp;langId=-1&amp;storeId=10151'</msg>
<status status="PASS" starttime="20200629 01:46:59.732" endtime="20200629 01:47:02.446"></status>
</kw>
<status status="PASS" starttime="20200629 01:46:59.729" endtime="20200629 01:47:02.446"></status>
</kw>
<kw name="${line} = https://store.hp.com/us/en/cat/Laptops" type="foritem">
<kw name="Log To Console" library="BuiltIn">
<doc>Logs the given message to the console.</doc>
<arguments>
<arg>${line}</arg>
</arguments>
<status status="PASS" starttime="20200629 01:47:02.447" endtime="20200629 01:47:02.447"></status>
</kw>
<kw name="Go To" library="Selenium2Library">
<doc>Navigates the current browser window to the provided ``url``.</doc>
<arguments>
<arg>${line}</arg>
</arguments>
<msg timestamp="20200629 01:47:02.448" level="INFO">Opening url 'https://store.hp.com/us/en/cat/Laptops'</msg>
<status status="PASS" starttime="20200629 01:47:02.448" endtime="20200629 01:47:04.617"></status>
</kw>
<status status="PASS" starttime="20200629 01:47:02.446" endtime="20200629 01:47:04.617"></status>
</kw>
<kw name="${line} = https://store.hp.com/us/en/cat/printers" type="foritem">
<kw name="Log To Console" library="BuiltIn">
<doc>Logs the given message to the console.</doc>
<arguments>
<arg>${line}</arg>
</arguments>
<status status="PASS" starttime="20200629 01:47:04.618" endtime="20200629 01:47:04.618"></status>
</kw>
<kw name="Go To" library="Selenium2Library">
<doc>Navigates the current browser window to the provided ``url``.</doc>
<arguments>
<arg>${line}</arg>
</arguments>
<msg timestamp="20200629 01:47:04.619" level="INFO">Opening url 'https://store.hp.com/us/en/cat/printers'</msg>
<status status="PASS" starttime="20200629 01:47:04.618" endtime="20200629 01:47:06.465"></status>
</kw>
<status status="PASS" starttime="20200629 01:47:04.617" endtime="20200629 01:47:06.465"></status>
</kw>
<kw name="${line} = https://store.hp.com/us/en/cat/accessories-88342--1" type="foritem">
<kw name="Log To Console" library="BuiltIn">
<doc>Logs the given message to the console.</doc>
<arguments>
<arg>${line}</arg>
</arguments>
<status status="PASS" starttime="20200629 01:47:06.465" endtime="20200629 01:47:06.466"></status>
</kw>
<kw name="Go To" library="Selenium2Library">
<doc>Navigates the current browser window to the provided ``url``.</doc>
<arguments>
<arg>${line}</arg>
</arguments>
<msg timestamp="20200629 01:47:06.467" level="INFO">Opening url 'https://store.hp.com/us/en/cat/accessories-88342--1'</msg>
<status status="PASS" starttime="20200629 01:47:06.466" endtime="20200629 01:47:09.120"></status>
</kw>
<status status="PASS" starttime="20200629 01:47:06.465" endtime="20200629 01:47:09.120"></status>
</kw>
<kw name="${line} = https://store.hp.com/us/en/cat/care-packs-88343--1" type="foritem">
<kw name="Log To Console" library="BuiltIn">
<doc>Logs the given message to the console.</doc>
<arguments>
<arg>${line}</arg>
</arguments>
<status status="PASS" starttime="20200629 01:47:09.121" endtime="20200629 01:47:09.121"></status>
</kw>
<kw name="Go To" library="Selenium2Library">
<doc>Navigates the current browser window to the provided ``url``.</doc>
<arguments>
<arg>${line}</arg>
</arguments>
<msg timestamp="20200629 01:47:09.123" level="INFO">Opening url 'https://store.hp.com/us/en/cat/care-packs-88343--1'</msg>
<status status="PASS" starttime="20200629 01:47:09.122" endtime="20200629 01:47:15.159"></status>
</kw>
<status status="PASS" starttime="20200629 01:47:09.121" endtime="20200629 01:47:15.159"></status>
</kw>
<kw name="${line} = https://store.hp.com/us/en/cat/private-stores" type="foritem">
<kw name="Log To Console" library="BuiltIn">
<doc>Logs the given message to the console.</doc>
<arguments>
<arg>${line}</arg>
</arguments>
<status status="PASS" starttime="20200629 01:47:15.160" endtime="20200629 01:47:15.160"></status>
</kw>
<kw name="Go To" library="Selenium2Library">
<doc>Navigates the current browser window to the provided ``url``.</doc>
<arguments>
<arg>${line}</arg>
</arguments>
<msg timestamp="20200629 01:47:15.161" level="INFO">Opening url 'https://store.hp.com/us/en/cat/private-stores'</msg>
<status status="PASS" starttime="20200629 01:47:15.161" endtime="20200629 01:47:17.381"></status>
</kw>
<status status="PASS" starttime="20200629 01:47:15.159" endtime="20200629 01:47:17.381"></status>
</kw>
<kw name="${line} = https://store.hp.com/us/en/slp/july-4-sale?jumpid=ma_home_hero_na_1_200625" type="foritem">
<kw name="Log To Console" library="BuiltIn">
<doc>Logs the given message to the console.</doc>
<arguments>
<arg>${line}</arg>
</arguments>
<status status="PASS" starttime="20200629 01:47:17.382" endtime="20200629 01:47:17.382"></status>
</kw>
<kw name="Go To" library="Selenium2Library">
<doc>Navigates the current browser window to the provided ``url``.</doc>
<arguments>
<arg>${line}</arg>
</arguments>
<msg timestamp="20200629 01:47:17.383" level="INFO">Opening url 'https://store.hp.com/us/en/slp/july-4-sale?jumpid=ma_home_hero_na_1_200625'</msg>
<status status="PASS" starttime="20200629 01:47:17.383" endtime="20200629 01:47:22.132"></status>
</kw>
<status status="PASS" starttime="20200629 01:47:17.381" endtime="20200629 01:47:22.132"></status>
</kw>
<kw name="${line} = https://store.hp.com/us/en/cv/hp-education?jumpid=ma_home_bar_na_3_200614" type="foritem">
<kw name="Log To Console" library="BuiltIn">
<doc>Logs the given message to the console.</doc>
<arguments>
<arg>${line}</arg>
</arguments>
<status status="PASS" starttime="20200629 01:47:22.132" endtime="20200629 01:47:22.133"></status>
</kw>
<kw name="Go To" library="Selenium2Library">
<doc>Navigates the current browser window to the provided ``url``.</doc>
<arguments>
<arg>${line}</arg>
</arguments>
<msg timestamp="20200629 01:47:22.134" level="INFO">Opening url 'https://store.hp.com/us/en/cv/hp-education?jumpid=ma_home_bar_na_3_200614'</msg>
<status status="PASS" starttime="20200629 01:47:22.133" endtime="20200629 01:47:24.057"></status>
</kw>
<status status="PASS" starttime="20200629 01:47:22.132" endtime="20200629 01:47:24.057"></status>
</kw>
<kw name="${line} = https://store.hp.com/us/en/slp/omen-gaming?jumpid=ma_home_bar_na_1_200322" type="foritem">
<kw name="Log To Console" library="BuiltIn">
<doc>Logs the given message to the console.</doc>
<arguments>
<arg>${line}</arg>
</arguments>
<status status="PASS" starttime="20200629 01:47:24.058" endtime="20200629 01:47:24.059"></status>
</kw>
<kw name="Go To" library="Selenium2Library">
<doc>Navigates the current browser window to the provided ``url``.</doc>
<arguments>
<arg>${line}</arg>
</arguments>
<msg timestamp="20200629 01:47:24.060" level="INFO">Opening url 'https://store.hp.com/us/en/slp/omen-gaming?jumpid=ma_home_bar_na_1_200322'</msg>
<status status="PASS" starttime="20200629 01:47:24.059" endtime="20200629 01:47:25.981"></status>
</kw>
<status status="PASS" starttime="20200629 01:47:24.057" endtime="20200629 01:47:25.981"></status>
</kw>
<kw name="${line} = https://store.hp.com/us/en/cat/ink--toner---paper?jumpid=ma_home_bar_na_2_191201" type="foritem">
<kw name="Log To Console" library="BuiltIn">
<doc>Logs the given message to the console.</doc>
<arguments>
<arg>${line}</arg>
</arguments>
<status status="PASS" starttime="20200629 01:47:25.981" endtime="20200629 01:47:25.982"></status>
</kw>
<kw name="Go To" library="Selenium2Library">
<doc>Navigates the current browser window to the provided ``url``.</doc>
<arguments>
<arg>${line}</arg>
</arguments>
<msg timestamp="20200629 01:47:25.983" level="INFO">Opening url 'https://store.hp.com/us/en/cat/ink--toner---paper?jumpid=ma_home_bar_na_2_191201'</msg>
<status status="PASS" starttime="20200629 01:47:25.982" endtime="20200629 01:47:27.563"></status>
</kw>
<status status="PASS" starttime="20200629 01:47:25.981" endtime="20200629 01:47:27.564"></status>
</kw>
<kw name="${line} = https://store.hp.com/app/slp/weekly-deals" type="foritem">
<kw name="Log To Console" library="BuiltIn">
<doc>Logs the given message to the console.</doc>
<arguments>
<arg>${line}</arg>
</arguments>
<status status="PASS" starttime="20200629 01:47:27.564" endtime="20200629 01:47:27.565"></status>
</kw>
<kw name="Go To" library="Selenium2Library">
<doc>Navigates the current browser window to the provided ``url``.</doc>
<arguments>
<arg>${line}</arg>
</arguments>
<msg timestamp="20200629 01:47:27.565" level="INFO">Opening url 'https://store.hp.com/app/slp/weekly-deals'</msg>
<status status="PASS" starttime="20200629 01:47:27.565" endtime="20200629 01:47:30.093"></status>
</kw>
<status status="PASS" starttime="20200629 01:47:27.564" endtime="20200629 01:47:30.093"></status>
</kw>
<kw name="${line} = https://store.hp.com/us/en/SearchDisplay?client=&amp;searchTerm=gift+cards&amp;search=&amp;charset=utf-8&amp;storeId=10151&amp;catalogId=10051&amp;langId=-1&amp;beginIndex=0&amp;pageSize=12" type="foritem">
<kw name="Log To Console" library="BuiltIn">
<doc>Logs the given message to the console.</doc>
<arguments>
<arg>${line}</arg>
</arguments>
<status status="PASS" starttime="20200629 01:47:30.093" endtime="20200629 01:47:30.093"></status>
</kw>
<kw name="Go To" library="Selenium2Library">
<doc>Navigates the current browser window to the provided ``url``.</doc>
<arguments>
<arg>${line}</arg>
</arguments>
<msg timestamp="20200629 01:47:30.094" level="INFO">Opening url 'https://store.hp.com/us/en/SearchDisplay?client=&amp;searchTerm=gift+cards&amp;search=&amp;charset=utf-8&amp;storeId=10151&amp;catalogId=10051&amp;langId=-1&amp;beginIndex=0&amp;pageSize=12'</msg>
<status status="PASS" starttime="20200629 01:47:30.094" endtime="20200629 01:47:33.370"></status>
</kw>
<status status="PASS" starttime="20200629 01:47:30.093" endtime="20200629 01:47:33.370"></status>
</kw>
<kw name="${line} = https://store.hp.com/us/en/vwa/laptops/segm=Home;brand=ENVY?jumpid=ma_home_hsa_na_1_200628&amp;orderBy=7" type="foritem">
<kw name="Log To Console" library="BuiltIn">
<doc>Logs the given message to the console.</doc>
<arguments>
<arg>${line}</arg>
</arguments>
<status status="PASS" starttime="20200629 01:47:33.370" endtime="20200629 01:47:33.371"></status>
</kw>
<kw name="Go To" library="Selenium2Library">
<doc>Navigates the current browser window to the provided ``url``.</doc>
<arguments>
<arg>${line}</arg>
</arguments>
<msg timestamp="20200629 01:47:33.371" level="INFO">Opening url 'https://store.hp.com/us/en/vwa/laptops/segm=Home;brand=ENVY?jumpid=ma_home_hsa_na_1_200628&amp;orderBy=7'</msg>
<status status="PASS" starttime="20200629 01:47:33.371" endtime="20200629 01:47:36.423"></status>
</kw>
<status status="PASS" starttime="20200629 01:47:33.370" endtime="20200629 01:47:36.423"></status>
</kw>
<kw name="${line} = https://store.hp.com/us/en/cat/care-packs-88343--1?jumpid=ma_home_hsa_na_2_200621" type="foritem">
<kw name="Log To Console" library="BuiltIn">
<doc>Logs the given message to the console.</doc>
<arguments>
<arg>${line}</arg>
</arguments>
<status status="PASS" starttime="20200629 01:47:36.424" endtime="20200629 01:47:36.424"></status>
</kw>
<kw name="Go To" library="Selenium2Library">
<doc>Navigates the current browser window to the provided ``url``.</doc>
<arguments>
<arg>${line}</arg>
</arguments>
<msg timestamp="20200629 01:47:36.425" level="INFO">Opening url 'https://store.hp.com/us/en/cat/care-packs-88343--1?jumpid=ma_home_hsa_na_2_200621'</msg>
<status status="PASS" starttime="20200629 01:47:36.425" endtime="20200629 01:47:38.582"></status>
</kw>
<status status="PASS" starttime="20200629 01:47:36.423" endtime="20200629 01:47:38.582"></status>
</kw>
<kw name="${line} = https://store.hp.com/us/en/cat/ink--toner---paper?jumpid=ma_home_innovation_na_1_200628" type="foritem">
<kw name="Log To Console" library="BuiltIn">
<doc>Logs the given message to the console.</doc>
<arguments>
<arg>${line}</arg>
</arguments>
<status status="PASS" starttime="20200629 01:47:38.582" endtime="20200629 01:47:38.583"></status>
</kw>
<kw name="Go To" library="Selenium2Library">
<doc>Navigates the current browser window to the provided ``url``.</doc>
<arguments>
<arg>${line}</arg>
</arguments>
<msg timestamp="20200629 01:47:38.584" level="INFO">Opening url 'https://store.hp.com/us/en/cat/ink--toner---paper?jumpid=ma_home_innovation_na_1_200628'</msg>
<status status="PASS" starttime="20200629 01:47:38.583" endtime="20200629 01:47:40.030"></status>
</kw>
<status status="PASS" starttime="20200629 01:47:38.582" endtime="20200629 01:47:40.030"></status>
</kw>
<kw name="${line} = https://store.hp.com/us/en/pdp/hp-envy-laptop-17t-cg000-8mx93av-1" type="foritem">
<kw name="Log To Console" library="BuiltIn">
<doc>Logs the given message to the console.</doc>
<arguments>
<arg>${line}</arg>
</arguments>
<status status="PASS" starttime="20200629 01:47:40.031" endtime="20200629 01:47:40.031"></status>
</kw>
<kw name="Go To" library="Selenium2Library">
<doc>Navigates the current browser window to the provided ``url``.</doc>
<arguments>
<arg>${line}</arg>
</arguments>
<msg timestamp="20200629 01:47:40.032" level="INFO">Opening url 'https://store.hp.com/us/en/pdp/hp-envy-laptop-17t-cg000-8mx93av-1'</msg>
<status status="PASS" starttime="20200629 01:47:40.032" endtime="20200629 01:47:42.189"></status>
</kw>
<status status="PASS" starttime="20200629 01:47:40.030" endtime="20200629 01:47:42.189"></status>
</kw>
<kw name="${line} = https://store.hp.com/us/en/pdp/hp-envy-all-in-one-32-a1050-10m73av-1" type="foritem">
<kw name="Log To Console" library="BuiltIn">
<doc>Logs the given message to the console.</doc>
<arguments>
<arg>${line}</arg>
</arguments>
<status status="PASS" starttime="20200629 01:47:42.190" endtime="20200629 01:47:42.190"></status>
</kw>
<kw name="Go To" library="Selenium2Library">
<doc>Navigates the current browser window to the provided ``url``.</doc>
<arguments>
<arg>${line}</arg>
</arguments>
<msg timestamp="20200629 01:47:42.191" level="INFO">Opening url 'https://store.hp.com/us/en/pdp/hp-envy-all-in-one-32-a1050-10m73av-1'</msg>
<status status="PASS" starttime="20200629 01:47:42.191" endtime="20200629 01:47:43.671"></status>
</kw>
<status status="PASS" starttime="20200629 01:47:42.189" endtime="20200629 01:47:43.671"></status>
</kw>
<kw name="${line} = https://store.hp.com/us/en/cat/business-solutions?jumpid=ma_home_featured_na_1_191223" type="foritem">
<kw name="Log To Console" library="BuiltIn">
<doc>Logs the given message to the console.</doc>
<arguments>
<arg>${line}</arg>
</arguments>
<status status="PASS" starttime="20200629 01:47:43.672" endtime="20200629 01:47:43.672"></status>
</kw>
<kw name="Go To" library="Selenium2Library">
<doc>Navigates the current browser window to the provided ``url``.</doc>
<arguments>
<arg>${line}</arg>
</arguments>
<msg timestamp="20200629 01:47:43.673" level="INFO">Opening url 'https://store.hp.com/us/en/cat/business-solutions?jumpid=ma_home_featured_na_1_191223'</msg>
<status status="PASS" starttime="20200629 01:47:43.673" endtime="20200629 01:47:45.383"></status>
</kw>
<status status="PASS" starttime="20200629 01:47:43.671" endtime="20200629 01:47:45.384"></status>
</kw>
<kw name="${line} = https://store.hp.com/us/en/mdp/hp-elite-dragonfly?ma_home_featured_na_2_200628" type="foritem">
<kw name="Log To Console" library="BuiltIn">
<doc>Logs the given message to the console.</doc>
<arguments>
<arg>${line}</arg>
</arguments>
<status status="PASS" starttime="20200629 01:47:45.384" endtime="20200629 01:47:45.385"></status>
</kw>
<kw name="Go To" library="Selenium2Library">
<doc>Navigates the current browser window to the provided ``url``.</doc>
<arguments>
<arg>${line}</arg>
</arguments>
<msg timestamp="20200629 01:47:45.386" level="INFO">Opening url 'https://store.hp.com/us/en/mdp/hp-elite-dragonfly?ma_home_featured_na_2_200628'</msg>
<status status="PASS" starttime="20200629 01:47:45.385" endtime="20200629 01:47:54.586"></status>
</kw>
<status status="PASS" starttime="20200629 01:47:45.384" endtime="20200629 01:47:54.587"></status>
</kw>
<kw name="${line} = https://store.hp.com/us/en/vwa/business-solutions/bizcat=Workstation;proc=Intel-Xeon?jumpid=ma_home_featured_na_3_200614" type="foritem">
<kw name="Log To Console" library="BuiltIn">
<doc>Logs the given message to the console.</doc>
<arguments>
<arg>${line}</arg>
</arguments>
<status status="PASS" starttime="20200629 01:47:54.587" endtime="20200629 01:47:54.588"></status>
</kw>
<kw name="Go To" library="Selenium2Library">
<doc>Navigates the current browser window to the provided ``url``.</doc>
<arguments>
<arg>${line}</arg>
</arguments>
<msg timestamp="20200629 01:47:54.588" level="INFO">Opening url 'https://store.hp.com/us/en/vwa/business-solutions/bizcat=Workstation;proc=Intel-Xeon?jumpid=ma_home_featured_na_3_200614'</msg>
<status status="PASS" starttime="20200629 01:47:54.588" endtime="20200629 01:47:56.657"></status>
</kw>
<status status="PASS" starttime="20200629 01:47:54.587" endtime="20200629 01:47:56.658"></status>
</kw>
<kw name="${line} = https://store.hp.com/us/en/pdp/omen-17t-cb100-laptop-8vd66av-1" type="foritem">
<kw name="Log To Console" library="BuiltIn">
<doc>Logs the given message to the console.</doc>
<arguments>
<arg>${line}</arg>
</arguments>
<status status="PASS" starttime="20200629 01:47:56.658" endtime="20200629 01:47:56.659"></status>
</kw>
<kw name="Go To" library="Selenium2Library">
<doc>Navigates the current browser window to the provided ``url``.</doc>
<arguments>
<arg>${line}</arg>
</arguments>
<msg timestamp="20200629 01:47:56.660" level="INFO">Opening url 'https://store.hp.com/us/en/pdp/omen-17t-cb100-laptop-8vd66av-1'</msg>
<status status="PASS" starttime="20200629 01:47:56.659" endtime="20200629 01:47:59.111"></status>
</kw>
<status status="PASS" starttime="20200629 01:47:56.658" endtime="20200629 01:47:59.111"></status>
</kw>
<kw name="${line} = https://store.hp.com/us/en/pdp/hp-officejet-pro-9025-all-in-one-printer" type="foritem">
<kw name="Log To Console" library="BuiltIn">
<doc>Logs the given message to the console.</doc>
<arguments>
<arg>${line}</arg>
</arguments>
<status status="PASS" starttime="20200629 01:47:59.112" endtime="20200629 01:47:59.112"></status>
</kw>
<kw name="Go To" library="Selenium2Library">
<doc>Navigates the current browser window to the provided ``url``.</doc>
<arguments>
<arg>${line}</arg>
</arguments>
<msg timestamp="20200629 01:47:59.113" level="INFO">Opening url 'https://store.hp.com/us/en/pdp/hp-officejet-pro-9025-all-in-one-printer'</msg>
<status status="PASS" starttime="20200629 01:47:59.113" endtime="20200629 01:48:00.245"></status>
</kw>
<status status="PASS" starttime="20200629 01:47:59.111" endtime="20200629 01:48:00.245"></status>
</kw>
<kw name="${line} = https://store.hp.com/us/en/pdp/hp-chromebox-g2-p-7lj57ut-aba-1" type="foritem">
<kw name="Log To Console" library="BuiltIn">
<doc>Logs the given message to the console.</doc>
<arguments>
<arg>${line}</arg>
</arguments>
<status status="PASS" starttime="20200629 01:48:00.246" endtime="20200629 01:48:00.247"></status>
</kw>
<kw name="Go To" library="Selenium2Library">
<doc>Navigates the current browser window to the provided ``url``.</doc>
<arguments>
<arg>${line}</arg>
</arguments>
<msg timestamp="20200629 01:48:00.248" level="INFO">Opening url 'https://store.hp.com/us/en/pdp/hp-chromebox-g2-p-7lj57ut-aba-1'</msg>
<status status="PASS" starttime="20200629 01:48:00.247" endtime="20200629 01:48:04.177"></status>
</kw>
<status status="PASS" starttime="20200629 01:48:00.246" endtime="20200629 01:48:04.177"></status>
</kw>
<kw name="${line} = https://store.hp.com/us/en/pdp/omen-27i-monitor" type="foritem">
<kw name="Log To Console" library="BuiltIn">
<doc>Logs the given message to the console.</doc>
<arguments>
<arg>${line}</arg>
</arguments>
<status status="PASS" starttime="20200629 01:48:04.177" endtime="20200629 01:48:04.178"></status>
</kw>
<kw name="Go To" library="Selenium2Library">
<doc>Navigates the current browser window to the provided ``url``.</doc>
<arguments>
<arg>${line}</arg>
</arguments>
<msg timestamp="20200629 01:48:04.179" level="INFO">Opening url 'https://store.hp.com/us/en/pdp/omen-27i-monitor'</msg>
<status status="PASS" starttime="20200629 01:48:04.178" endtime="20200629 01:48:06.623"></status>
</kw>
<status status="PASS" starttime="20200629 01:48:04.177" endtime="20200629 01:48:06.623"></status>
</kw>
<kw name="${line} = https://store.hp.com/us/en/pdp/hp-color-laserjet-pro-m454dw" type="foritem">
<kw name="Log To Console" library="BuiltIn">
<doc>Logs the given message to the console.</doc>
<arguments>
<arg>${line}</arg>
</arguments>
<status status="PASS" starttime="20200629 01:48:06.624" endtime="20200629 01:48:06.624"></status>
</kw>
<kw name="Go To" library="Selenium2Library">
<doc>Navigates the current browser window to the provided ``url``.</doc>
<arguments>
<arg>${line}</arg>
</arguments>
<msg timestamp="20200629 01:48:06.625" level="INFO">Opening url 'https://store.hp.com/us/en/pdp/hp-color-laserjet-pro-m454dw'</msg>
<status status="PASS" starttime="20200629 01:48:06.624" endtime="20200629 01:48:07.755"></status>
</kw>
<status status="PASS" starttime="20200629 01:48:06.623" endtime="20200629 01:48:07.755"></status>
</kw>
<kw name="${line} = https://store.hp.com/us/en/pdp/hp-laptop-15t-dw200-8wl84av-1" type="foritem">
<kw name="Log To Console" library="BuiltIn">
<doc>Logs the given message to the console.</doc>
<arguments>
<arg>${line}</arg>
</arguments>
<status status="PASS" starttime="20200629 01:48:07.755" endtime="20200629 01:48:07.756"></status>
</kw>
<kw name="Go To" library="Selenium2Library">
<doc>Navigates the current browser window to the provided ``url``.</doc>
<arguments>
<arg>${line}</arg>
</arguments>
<msg timestamp="20200629 01:48:07.758" level="INFO">Opening url 'https://store.hp.com/us/en/pdp/hp-laptop-15t-dw200-8wl84av-1'</msg>
<status status="PASS" starttime="20200629 01:48:07.757" endtime="20200629 01:48:08.910"></status>
</kw>
<status status="PASS" starttime="20200629 01:48:07.755" endtime="20200629 01:48:08.910"></status>
</kw>
<kw name="${line} = https://store.hp.com/us/en/pdp/omen-30l-desktop-gt13-0280z-1a227av-1" type="foritem">
<kw name="Log To Console" library="BuiltIn">
<doc>Logs the given message to the console.</doc>
<arguments>
<arg>${line}</arg>
</arguments>
<status status="PASS" starttime="20200629 01:48:08.911" endtime="20200629 01:48:08.911"></status>
</kw>
<kw name="Go To" library="Selenium2Library">
<doc>Navigates the current browser window to the provided ``url``.</doc>
<arguments>
<arg>${line}</arg>
</arguments>
<msg timestamp="20200629 01:48:08.913" level="INFO">Opening url 'https://store.hp.com/us/en/pdp/omen-30l-desktop-gt13-0280z-1a227av-1'</msg>
<status status="PASS" starttime="20200629 01:48:08.911" endtime="20200629 01:48:11.381"></status>
</kw>
<status status="PASS" starttime="20200629 01:48:08.910" endtime="20200629 01:48:11.381"></status>
</kw>
<kw name="${line} = https://store.hp.com/us/en/pdp/hp-prodesk-600-g5-desktop-mini-pc-customizable-6fy53av-1" type="foritem">
<kw name="Log To Console" library="BuiltIn">
<doc>Logs the given message to the console.</doc>
<arguments>
<arg>${line}</arg>
</arguments>
<status status="PASS" starttime="20200629 01:48:11.382" endtime="20200629 01:48:11.382"></status>
</kw>
<kw name="Go To" library="Selenium2Library">
<doc>Navigates the current browser window to the provided ``url``.</doc>
<arguments>
<arg>${line}</arg>
</arguments>
<msg timestamp="20200629 01:48:11.383" level="INFO">Opening url 'https://store.hp.com/us/en/pdp/hp-prodesk-600-g5-desktop-mini-pc-customizable-6fy53av-1'</msg>
<status status="PASS" starttime="20200629 01:48:11.383" endtime="20200629 01:48:14.110"></status>
</kw>
<status status="PASS" starttime="20200629 01:48:11.381" endtime="20200629 01:48:14.110"></status>
</kw>
<kw name="${line} = https://store.hp.com/us/en/pdp/hp-pavilion-27q-display" type="foritem">
<kw name="Log To Console" library="BuiltIn">
<doc>Logs the given message to the console.</doc>
<arguments>
<arg>${line}</arg>
</arguments>
<status status="PASS" starttime="20200629 01:48:14.110" endtime="20200629 01:48:14.111"></status>
</kw>
<kw name="Go To" library="Selenium2Library">
<doc>Navigates the current browser window to the provided ``url``.</doc>
<arguments>
<arg>${line}</arg>
</arguments>
<msg timestamp="20200629 01:48:14.111" level="INFO">Opening url 'https://store.hp.com/us/en/pdp/hp-pavilion-27q-display'</msg>
<status status="PASS" starttime="20200629 01:48:14.111" endtime="20200629 01:48:15.866"></status>
</kw>
<status status="PASS" starttime="20200629 01:48:14.110" endtime="20200629 01:48:15.866"></status>
</kw>
<kw name="${line} = https://store.hp.com/us/en/vwa/touch-screen-laptops-i3/proc=Intel-Core-i3;touch=Touch" type="foritem">
<kw name="Log To Console" library="BuiltIn">
<doc>Logs the given message to the console.</doc>
<arguments>
<arg>${line}</arg>
</arguments>
<status status="PASS" starttime="20200629 01:48:15.866" endtime="20200629 01:48:15.866"></status>
</kw>
<kw name="Go To" library="Selenium2Library">
<doc>Navigates the current browser window to the provided ``url``.</doc>
<arguments>
<arg>${line}</arg>
</arguments>
<msg timestamp="20200629 01:48:15.868" level="INFO">Opening url 'https://store.hp.com/us/en/vwa/touch-screen-laptops-i3/proc=Intel-Core-i3;touch=Touch'</msg>
<status status="PASS" starttime="20200629 01:48:15.867" endtime="20200629 01:48:19.289"></status>
</kw>
[...]
</kw>
<kw name="Go To" library="Selenium2Library">
<doc>Navigates the current browser window to the provided ``url``.</doc>
<arguments>
<arg>${line}</arg>
</arguments>
<msg timestamp="20200629 02:02:10.336" level="INFO">Opening url 'https://support.hp.com/us-en/service-center'</msg>
<status status="PASS" starttime="20200629 02:02:10.335" endtime="20200629 02:02:11.432"></status>
</kw>
<status status="PASS" starttime="20200629 02:02:10.333" endtime="20200629 02:02:11.432"></status>
</kw>
<kw name="${line} = https://h20212.www2.hp.com/Cso_Status/CsoStatus.aspx?lc=en&amp;cc=us" type="foritem">
<kw name="Log To Console" library="BuiltIn">
<doc>Logs the given message to the console.</doc>
<arguments>
<arg>${line}</arg>
</arguments>
<status status="PASS" starttime="20200629 02:02:11.433" endtime="20200629 02:02:11.433"></status>
</kw>
<kw name="Go To" library="Selenium2Library">
<doc>Navigates the current browser window to the provided ``url``.</doc>
<arguments>
<arg>${line}</arg>
</arguments>
<msg timestamp="20200629 02:02:11.434" level="INFO">Opening url 'https://h20212.www2.hp.com/Cso_Status/CsoStatus.aspx?lc=en&amp;cc=us'</msg>
<status status="PASS" starttime="20200629 02:02:11.433" endtime="20200629 02:02:15.008"></status>
</kw>
<status status="PASS" starttime="20200629 02:02:11.432" endtime="20200629 02:02:15.008"></status>
</kw>
<kw name="${line} = https://hpsalescentral.com/#/training/training" type="foritem">
<kw name="Log To Console" library="BuiltIn">
<doc>Logs the given message to the console.</doc>
<arguments>
<arg>${line}</arg>
</arguments>
<status status="PASS" starttime="20200629 02:02:15.009" endtime="20200629 02:02:15.009"></status>
</kw>
<kw name="Go To" library="Selenium2Library">
<doc>Navigates the current browser window to the provided ``url``.</doc>
<arguments>
<arg>${line}</arg>
</arguments>
<msg timestamp="20200629 02:02:15.009" level="INFO">Opening url 'https://hpsalescentral.com/#/training/training'</msg>
<status status="PASS" starttime="20200629 02:02:15.009" endtime="20200629 02:02:16.192"></status>
</kw>
<status status="PASS" starttime="20200629 02:02:15.008" endtime="20200629 02:02:16.192"></status>
</kw>
<kw name="${line} = https://www8.hp.com/us/en/security/cyber-security-center.html" type="foritem">
<kw name="Log To Console" library="BuiltIn">
<doc>Logs the given message to the console.</doc>
<arguments>
<arg>${line}</arg>
</arguments>
<status status="PASS" starttime="20200629 02:02:16.193" endtime="20200629 02:02:16.193"></status>
</kw>
<kw name="Go To" library="Selenium2Library">
<doc>Navigates the current browser window to the provided ``url``.</doc>
<arguments>
<arg>${line}</arg>
</arguments>
<msg timestamp="20200629 02:02:16.194" level="INFO">Opening url 'https://www8.hp.com/us/en/security/cyber-security-center.html'</msg>
<status status="PASS" starttime="20200629 02:02:16.193" endtime="20200629 02:02:19.258"></status>
</kw>
<status status="PASS" starttime="20200629 02:02:16.193" endtime="20200629 02:02:19.258"></status>
</kw>
<kw name="${line} = https://www8.hp.com/us/en/hp-information/hp-partner-first/overview.html" type="foritem">
<kw name="Log To Console" library="BuiltIn">
<doc>Logs the given message to the console.</doc>
<arguments>
<arg>${line}</arg>
</arguments>
<status status="PASS" starttime="20200629 02:02:19.258" endtime="20200629 02:02:19.259"></status>
</kw>
<kw name="Go To" library="Selenium2Library">
<doc>Navigates the current browser window to the provided ``url``.</doc>
<arguments>
<arg>${line}</arg>
</arguments>
<msg timestamp="20200629 02:02:19.260" level="INFO">Opening url 'https://www8.hp.com/us/en/hp-information/hp-partner-first/overview.html'</msg>
<status status="PASS" starttime="20200629 02:02:19.259" endtime="20200629 02:02:20.605"></status>
</kw>
<status status="PASS" starttime="20200629 02:02:19.258" endtime="20200629 02:02:20.605"></status>
</kw>
<kw name="${line} = https://partner.hp.com/login" type="foritem">
<kw name="Log To Console" library="BuiltIn">
<doc>Logs the given message to the console.</doc>
<arguments>
<arg>${line}</arg>
</arguments>
<status status="PASS" starttime="20200629 02:02:20.606" endtime="20200629 02:02:20.610"></status>
</kw>
<kw name="Go To" library="Selenium2Library">
<doc>Navigates the current browser window to the provided ``url``.</doc>
<arguments>
<arg>${line}</arg>
</arguments>
<msg timestamp="20200629 02:02:20.611" level="INFO">Opening url 'https://partner.hp.com/login'</msg>
<status status="PASS" starttime="20200629 02:02:20.610" endtime="20200629 02:02:26.726"></status>
</kw>
<status status="PASS" starttime="20200629 02:02:20.606" endtime="20200629 02:02:26.726"></status>
</kw>
<kw name="${line} = https://developers.hp.com/" type="foritem">
<kw name="Log To Console" library="BuiltIn">
<doc>Logs the given message to the console.</doc>
<arguments>
<arg>${line}</arg>
</arguments>
<status status="PASS" starttime="20200629 02:02:26.727" endtime="20200629 02:02:26.728"></status>
</kw>
<kw name="Go To" library="Selenium2Library">
<doc>Navigates the current browser window to the provided ``url``.</doc>
<arguments>
<arg>${line}</arg>
</arguments>
<msg timestamp="20200629 02:02:26.728" level="INFO">Opening url 'https://developers.hp.com/'</msg>
<status status="PASS" starttime="20200629 02:02:26.728" endtime="20200629 02:02:31.002"></status>
</kw>
<status status="PASS" starttime="20200629 02:02:26.727" endtime="20200629 02:02:31.002"></status>
</kw>
<kw name="${line} = http://www.facebook.com/HP" type="foritem">
<kw name="Log To Console" library="BuiltIn">
<doc>Logs the given message to the console.</doc>
<arguments>
<arg>${line}</arg>
</arguments>
<status status="PASS" starttime="20200629 02:02:31.003" endtime="20200629 02:02:31.004"></status>
</kw>
<kw name="Go To" library="Selenium2Library">
<doc>Navigates the current browser window to the provided ``url``.</doc>
<arguments>
<arg>${line}</arg>
</arguments>
<msg timestamp="20200629 02:02:31.004" level="INFO">Opening url 'http://www.facebook.com/HP'</msg>
<status status="PASS" starttime="20200629 02:02:31.004" endtime="20200629 02:02:44.571"></status>
</kw>
<status status="PASS" starttime="20200629 02:02:31.003" endtime="20200629 02:02:44.571"></status>
</kw>
<kw name="${line} = https://www.linkedin.com/company/hp" type="foritem">
<kw name="Log To Console" library="BuiltIn">
<doc>Logs the given message to the console.</doc>
<arguments>
<arg>${line}</arg>
</arguments>
<status status="PASS" starttime="20200629 02:02:44.571" endtime="20200629 02:02:44.572"></status>
</kw>
<kw name="Go To" library="Selenium2Library">
<doc>Navigates the current browser window to the provided ``url``.</doc>
<arguments>
<arg>${line}</arg>
</arguments>
<msg timestamp="20200629 02:02:44.573" level="INFO">Opening url 'https://www.linkedin.com/company/hp'</msg>
<status status="PASS" starttime="20200629 02:02:44.573" endtime="20200629 02:02:45.504"></status>
</kw>
<status status="PASS" starttime="20200629 02:02:44.571" endtime="20200629 02:02:45.504"></status>
</kw>
<kw name="${line} = https://twitter.com/HP" type="foritem">
<kw name="Log To Console" library="BuiltIn">
<doc>Logs the given message to the console.</doc>
<arguments>
<arg>${line}</arg>
</arguments>
<status status="PASS" starttime="20200629 02:02:45.504" endtime="20200629 02:02:45.505"></status>
</kw>
<kw name="Go To" library="Selenium2Library">
<doc>Navigates the current browser window to the provided ``url``.</doc>
<arguments>
<arg>${line}</arg>
</arguments>
<msg timestamp="20200629 02:02:45.506" level="INFO">Opening url 'https://twitter.com/HP'</msg>
<status status="PASS" starttime="20200629 02:02:45.505" endtime="20200629 02:02:48.322"></status>
</kw>
<status status="PASS" starttime="20200629 02:02:45.504" endtime="20200629 02:02:48.322"></status>
</kw>
<kw name="${line} = http://www.youtube.com/hp" type="foritem">
<kw name="Log To Console" library="BuiltIn">
<doc>Logs the given message to the console.</doc>
<arguments>
<arg>${line}</arg>
</arguments>
<status status="PASS" starttime="20200629 02:02:48.323" endtime="20200629 02:02:48.323"></status>
</kw>
<kw name="Go To" library="Selenium2Library">
<doc>Navigates the current browser window to the provided ``url``.</doc>
<arguments>
<arg>${line}</arg>
</arguments>
<msg timestamp="20200629 02:02:48.324" level="INFO">Opening url 'http://www.youtube.com/hp'</msg>
<status status="PASS" starttime="20200629 02:02:48.323" endtime="20200629 02:02:57.478"></status>
</kw>
<status status="PASS" starttime="20200629 02:02:48.322" endtime="20200629 02:02:57.478"></status>
</kw>
<kw name="${line} = https://www8.hp.com/us/en/hp-information/recalls.html" type="foritem">
<kw name="Log To Console" library="BuiltIn">
<doc>Logs the given message to the console.</doc>
<arguments>
<arg>${line}</arg>
</arguments>
<status status="PASS" starttime="20200629 02:02:57.479" endtime="20200629 02:02:57.479"></status>
</kw>
<kw name="Go To" library="Selenium2Library">
<doc>Navigates the current browser window to the provided ``url``.</doc>
<arguments>
<arg>${line}</arg>
</arguments>
<msg timestamp="20200629 02:02:57.480" level="INFO">Opening url 'https://www8.hp.com/us/en/hp-information/recalls.html'</msg>
<status status="PASS" starttime="20200629 02:02:57.479" endtime="20200629 02:02:58.488"></status>
</kw>
<status status="PASS" starttime="20200629 02:02:57.479" endtime="20200629 02:02:58.488"></status>
</kw>
<kw name="${line} = https://www8.hp.com/us/en/hp-information/environment/product-recycling.html" type="foritem">
<kw name="Log To Console" library="BuiltIn">
<doc>Logs the given message to the console.</doc>
<arguments>
<arg>${line}</arg>
</arguments>
<status status="PASS" starttime="20200629 02:02:58.488" endtime="20200629 02:02:58.489"></status>
</kw>
<kw name="Go To" library="Selenium2Library">
<doc>Navigates the current browser window to the provided ``url``.</doc>
<arguments>
<arg>${line}</arg>
</arguments>
<msg timestamp="20200629 02:02:58.490" level="INFO">Opening url 'https://www8.hp.com/us/en/hp-information/environment/product-recycling.html'</msg>
<status status="PASS" starttime="20200629 02:02:58.489" endtime="20200629 02:03:01.824"></status>
</kw>
<status status="PASS" starttime="20200629 02:02:58.488" endtime="20200629 02:03:01.824"></status>
</kw>
<kw name="${line} = https://www8.hp.com/us/en/hp-information/accessibility-aging/index.html" type="foritem">
<kw name="Log To Console" library="BuiltIn">
<doc>Logs the given message to the console.</doc>
<arguments>
<arg>${line}</arg>
</arguments>
<status status="PASS" starttime="20200629 02:03:01.825" endtime="20200629 02:03:01.825"></status>
</kw>
<kw name="Go To" library="Selenium2Library">
<doc>Navigates the current browser window to the provided ``url``.</doc>
<arguments>
<arg>${line}</arg>
</arguments>
<msg timestamp="20200629 02:03:01.826" level="INFO">Opening url 'https://www8.hp.com/us/en/hp-information/accessibility-aging/index.html'</msg>
<status status="PASS" starttime="20200629 02:03:01.825" endtime="20200629 02:03:56.238"></status>
</kw>
<status status="PASS" starttime="20200629 02:03:01.824" endtime="20200629 02:03:56.238"></status>
</kw>
<kw name="${line} = https://www8.hp.com/h20195/v2/GetPDF.aspx/c05388050.pdf" type="foritem">
<kw name="Log To Console" library="BuiltIn">
<doc>Logs the given message to the console.</doc>
<arguments>
<arg>${line}</arg>
</arguments>
<status status="PASS" starttime="20200629 02:03:56.238" endtime="20200629 02:03:56.239"></status>
</kw>
<kw name="Go To" library="Selenium2Library">
<doc>Navigates the current browser window to the provided ``url``.</doc>
<arguments>
<arg>${line}</arg>
</arguments>
<msg timestamp="20200629 02:03:56.239" level="INFO">Opening url 'https://www8.hp.com/h20195/v2/GetPDF.aspx/c05388050.pdf'</msg>
<status status="PASS" starttime="20200629 02:03:56.239" endtime="20200629 02:03:58.203"></status>
</kw>
<status status="PASS" starttime="20200629 02:03:56.238" endtime="20200629 02:03:58.204"></status>
</kw>
<kw name="${line} = https://store.hp.com/us/en/sitemap" type="foritem">
<kw name="Log To Console" library="BuiltIn">
<doc>Logs the given message to the console.</doc>
<arguments>
<arg>${line}</arg>
</arguments>
<status status="PASS" starttime="20200629 02:03:58.204" endtime="20200629 02:03:58.205"></status>
</kw>
<kw name="Go To" library="Selenium2Library">
<doc>Navigates the current browser window to the provided ``url``.</doc>
<arguments>
<arg>${line}</arg>
</arguments>
<msg timestamp="20200629 02:03:58.207" level="INFO">Opening url 'https://store.hp.com/us/en/sitemap'</msg>
<status status="PASS" starttime="20200629 02:03:58.206" endtime="20200629 02:04:03.127"></status>
</kw>
<status status="PASS" starttime="20200629 02:03:58.204" endtime="20200629 02:04:03.128"></status>
</kw>
<kw name="${line} = https://www8.hp.com/us/en/privacy/privacy-central.html" type="foritem">
<kw name="Log To Console" library="BuiltIn">
<doc>Logs the given message to the console.</doc>
<arguments>
<arg>${line}</arg>
</arguments>
<status status="PASS" starttime="20200629 02:04:03.128" endtime="20200629 02:04:03.129"></status>
</kw>
<kw name="Go To" library="Selenium2Library">
<doc>Navigates the current browser window to the provided ``url``.</doc>
<arguments>
<arg>${line}</arg>
</arguments>
<msg timestamp="20200629 02:04:03.129" level="INFO">Opening url 'https://www8.hp.com/us/en/privacy/privacy-central.html'</msg>
<status status="PASS" starttime="20200629 02:04:03.129" endtime="20200629 02:05:16.942"></status>
</kw>
<status status="PASS" starttime="20200629 02:04:03.128" endtime="20200629 02:05:16.942"></status>
</kw>
<kw name="${line} = https://www8.hp.com/us/en/privacy/use-of-cookies.html" type="foritem">
<kw name="Log To Console" library="BuiltIn">
<doc>Logs the given message to the console.</doc>
<arguments>
<arg>${line}</arg>
</arguments>
<status status="PASS" starttime="20200629 02:05:16.942" endtime="20200629 02:05:16.943"></status>
</kw>
<kw name="Go To" library="Selenium2Library">
<doc>Navigates the current browser window to the provided ``url``.</doc>
<arguments>
<arg>${line}</arg>
</arguments>
<msg timestamp="20200629 02:05:16.943" level="INFO">Opening url 'https://www8.hp.com/us/en/privacy/use-of-cookies.html'</msg>
<status status="PASS" starttime="20200629 02:05:16.943" endtime="20200629 02:05:27.969"></status>
</kw>
<status status="PASS" starttime="20200629 02:05:16.942" endtime="20200629 02:05:27.969"></status>
</kw>
<kw name="${line} = https://www8.hp.com/us/en/personal-data-rights.html" type="foritem">
<kw name="Log To Console" library="BuiltIn">
<doc>Logs the given message to the console.</doc>
<arguments>
<arg>${line}</arg>
</arguments>
<status status="PASS" starttime="20200629 02:05:27.969" endtime="20200629 02:05:27.970"></status>
</kw>
<kw name="Go To" library="Selenium2Library">
<doc>Navigates the current browser window to the provided ``url``.</doc>
<arguments>
<arg>${line}</arg>
</arguments>
<msg timestamp="20200629 02:05:27.970" level="INFO">Opening url 'https://www8.hp.com/us/en/personal-data-rights.html'</msg>
<status status="PASS" starttime="20200629 02:05:27.970" endtime="20200629 02:05:33.624"></status>
</kw>
<status status="PASS" starttime="20200629 02:05:27.969" endtime="20200629 02:05:33.625"></status>
</kw>
<kw name="${line} = https://www8.hp.com/us/en/terms-of-use.html" type="foritem">
<kw name="Log To Console" library="BuiltIn">
<doc>Logs the given message to the console.</doc>
<arguments>
<arg>${line}</arg>
</arguments>
<status status="PASS" starttime="20200629 02:05:33.625" endtime="20200629 02:05:33.626"></status>
</kw>
<kw name="Go To" library="Selenium2Library">
<doc>Navigates the current browser window to the provided ``url``.</doc>
<arguments>
<arg>${line}</arg>
</arguments>
<msg timestamp="20200629 02:05:33.627" level="INFO">Opening url 'https://www8.hp.com/us/en/terms-of-use.html'</msg>
<status status="PASS" starttime="20200629 02:05:33.626" endtime="20200629 02:05:40.631"></status>
</kw>
<status status="PASS" starttime="20200629 02:05:33.625" endtime="20200629 02:05:40.631"></status>
</kw>
<kw name="${line} = https://www8.hp.com/us/en/privacy/limited_warranty.html" type="foritem">
<kw name="Log To Console" library="BuiltIn">
<doc>Logs the given message to the console.</doc>
<arguments>
<arg>${line}</arg>
</arguments>
<status status="PASS" starttime="20200629 02:05:40.631" endtime="20200629 02:05:40.635"></status>
</kw>
<kw name="Go To" library="Selenium2Library">
<doc>Navigates the current browser window to the provided ``url``.</doc>
<arguments>
<arg>${line}</arg>
</arguments>
<msg timestamp="20200629 02:05:40.636" level="INFO">Opening url 'https://www8.hp.com/us/en/privacy/limited_warranty.html'</msg>
<status status="PASS" starttime="20200629 02:05:40.635" endtime="20200629 02:06:45.793"></status>
</kw>
<status status="PASS" starttime="20200629 02:05:40.631" endtime="20200629 02:06:45.793"></status>
</kw>
<kw name="${line} = https://store.hp.com/us/en/ContentView?eSpotName=TermsAndConditions&amp;catalogId=10051&amp;langId=-1&amp;storeId=10151&amp;jumpid=re_r11662_redirect_ETR&amp;ts=20151012014516_LIymYBM9Ho1W" type="foritem">
<kw name="Log To Console" library="BuiltIn">
<doc>Logs the given message to the console.</doc>
<arguments>
<arg>${line}</arg>
</arguments>
<status status="PASS" starttime="20200629 02:06:45.794" endtime="20200629 02:06:45.794"></status>
</kw>
<kw name="Go To" library="Selenium2Library">
<doc>Navigates the current browser window to the provided ``url``.</doc>
<arguments>
<arg>${line}</arg>
</arguments>
<msg timestamp="20200629 02:06:45.795" level="INFO">Opening url 'https://store.hp.com/us/en/ContentView?eSpotName=TermsAndConditions&amp;catalogId=10051&amp;langId=-1&amp;storeId=10151&amp;jumpid=re_r11662_redirect_ETR&amp;ts=20151012014516_LIymYBM9Ho1W'</msg>
<status status="PASS" starttime="20200629 02:06:45.794" endtime="20200629 02:06:48.233"></status>
</kw>
<status status="PASS" starttime="20200629 02:06:45.794" endtime="20200629 02:06:48.233"></status>
</kw>
<kw name="${line} = http://hpgcs.freshdesk.com/support/tickets/new" type="foritem">
<kw name="Log To Console" library="BuiltIn">
<doc>Logs the given message to the console.</doc>
<arguments>
<arg>${line}</arg>
</arguments>
<status status="PASS" starttime="20200629 02:06:48.234" endtime="20200629 02:06:48.234"></status>
</kw>
<kw name="Go To" library="Selenium2Library">
<doc>Navigates the current browser window to the provided ``url``.</doc>
<arguments>
<arg>${line}</arg>
</arguments>
<msg timestamp="20200629 02:06:48.235" level="INFO">Opening url 'http://hpgcs.freshdesk.com/support/tickets/new'</msg>
<status status="PASS" starttime="20200629 02:06:48.235" endtime="20200629 02:07:01.646"></status>
</kw>
<status status="PASS" starttime="20200629 02:06:48.233" endtime="20200629 02:07:01.646"></status>
</kw>
<status status="PASS" starttime="20200629 01:43:09.332" endtime="20200629 02:07:01.646"></status>
</kw>
<doc>Test if all the links at HP Store homepage are working</doc>
<status status="PASS" starttime="20200629 01:42:33.343" endtime="20200629 02:07:01.646" critical="yes"></status>
</test>
<doc>This is a basic test</doc>
<status status="PASS" starttime="20200629 01:42:32.900" endtime="20200629 02:07:01.662"></status>
</suite>
<statistics>
<total>
<stat pass="1" fail="0">Critical Tests</stat>
<stat pass="1" fail="0">All Tests</stat>
</total>
<tag>
</tag>
<suite>
<stat pass="1" fail="0" id="s1" name="Project">Project</stat>
</suite>
</statistics>
<errors>
<msg timestamp="20200629 01:43:09.332" level="WARN">Error in file '/Users/apple/PycharmProjects/HProbot/Tests/project.robot' in FOR loop starting on line 18: For loop header ':FOR' is deprecated. Use 'FOR' instead.</msg>
<msg timestamp="20200629 01:43:09.332" level="WARN">Error in file '/Users/apple/PycharmProjects/HProbot/Tests/project.robot' in FOR loop starting on line 18: Marking for loop body with '\' is deprecated. Remove markers and use 'END' instead.</msg>
</errors>
</robot>
